{"/app/src/main.ts": {"path":"/app/src/main.ts","statementMap":{"0":{"start":{"line":20,"column":32},"end":{"line":20,"column":null}},"1":{"start":{"line":21,"column":32},"end":{"line":21,"column":null}},"2":{"start":{"line":22,"column":45},"end":{"line":22,"column":null}},"3":{"start":{"line":23,"column":35},"end":{"line":23,"column":null}},"4":{"start":{"line":24,"column":66},"end":{"line":24,"column":null}},"5":{"start":{"line":25,"column":25},"end":{"line":25,"column":null}},"6":{"start":{"line":26,"column":48},"end":{"line":26,"column":null}},"7":{"start":{"line":30,"column":4},"end":{"line":30,"column":null}},"8":{"start":{"line":30,"column":27},"end":{"line":30,"column":null}},"9":{"start":{"line":31,"column":4},"end":{"line":31,"column":null}},"10":{"start":{"line":31,"column":36},"end":{"line":31,"column":75}},"11":{"start":{"line":35,"column":4},"end":{"line":35,"column":null}},"12":{"start":{"line":35,"column":53},"end":{"line":35,"column":null}},"13":{"start":{"line":36,"column":4},"end":{"line":36,"column":null}},"14":{"start":{"line":40,"column":4},"end":{"line":40,"column":null}},"15":{"start":{"line":41,"column":4},"end":{"line":41,"column":null}},"16":{"start":{"line":43,"column":4},"end":{"line":43,"column":null}},"17":{"start":{"line":43,"column":43},"end":{"line":43,"column":72}},"18":{"start":{"line":44,"column":4},"end":{"line":44,"column":null}},"19":{"start":{"line":45,"column":4},"end":{"line":45,"column":null}},"20":{"start":{"line":45,"column":66},"end":{"line":45,"column":85}},"21":{"start":{"line":46,"column":4},"end":{"line":46,"column":null}},"22":{"start":{"line":47,"column":4},"end":{"line":51,"column":null}},"23":{"start":{"line":50,"column":22},"end":{"line":50,"column":null}},"24":{"start":{"line":52,"column":4},"end":{"line":56,"column":null}},"25":{"start":{"line":55,"column":40},"end":{"line":55,"column":null}},"26":{"start":{"line":59,"column":30},"end":{"line":59,"column":57}},"27":{"start":{"line":64,"column":18},"end":{"line":64,"column":null}},"28":{"start":{"line":65,"column":4},"end":{"line":65,"column":null}},"29":{"start":{"line":65,"column":16},"end":{"line":65,"column":null}},"30":{"start":{"line":67,"column":26},"end":{"line":69,"column":null}},"31":{"start":{"line":71,"column":4},"end":{"line":78,"column":null}},"32":{"start":{"line":72,"column":19},"end":{"line":72,"column":null}},"33":{"start":{"line":73,"column":6},"end":{"line":77,"column":null}},"34":{"start":{"line":80,"column":4},"end":{"line":84,"column":null}},"35":{"start":{"line":88,"column":4},"end":{"line":88,"column":null}},"36":{"start":{"line":92,"column":4},"end":{"line":96,"column":null}},"37":{"start":{"line":100,"column":4},"end":{"line":100,"column":null}},"38":{"start":{"line":101,"column":4},"end":{"line":101,"column":null}},"39":{"start":{"line":105,"column":24},"end":{"line":105,"column":null}},"40":{"start":{"line":106,"column":26},"end":{"line":106,"column":null}},"41":{"start":{"line":107,"column":23},"end":{"line":107,"column":null}},"42":{"start":{"line":109,"column":4},"end":{"line":131,"column":null}},"43":{"start":{"line":111,"column":6},"end":{"line":114,"column":null}},"44":{"start":{"line":112,"column":8},"end":{"line":112,"column":null}},"45":{"start":{"line":113,"column":8},"end":{"line":113,"column":null}},"46":{"start":{"line":117,"column":6},"end":{"line":130,"column":null}},"47":{"start":{"line":118,"column":26},"end":{"line":118,"column":null}},"48":{"start":{"line":119,"column":47},"end":{"line":128,"column":null}},"49":{"start":{"line":129,"column":8},"end":{"line":129,"column":null}},"50":{"start":{"line":135,"column":4},"end":{"line":135,"column":null}},"51":{"start":{"line":136,"column":4},"end":{"line":136,"column":null}},"52":{"start":{"line":137,"column":4},"end":{"line":137,"column":null}},"53":{"start":{"line":139,"column":23},"end":{"line":139,"column":null}},"54":{"start":{"line":140,"column":4},"end":{"line":140,"column":null}},"55":{"start":{"line":140,"column":21},"end":{"line":140,"column":null}},"56":{"start":{"line":142,"column":4},"end":{"line":142,"column":null}},"57":{"start":{"line":143,"column":4},"end":{"line":145,"column":null}},"58":{"start":{"line":144,"column":6},"end":{"line":144,"column":null}},"59":{"start":{"line":146,"column":4},"end":{"line":146,"column":null}},"60":{"start":{"line":152,"column":21},"end":{"line":152,"column":null}},"61":{"start":{"line":153,"column":4},"end":{"line":156,"column":null}},"62":{"start":{"line":154,"column":6},"end":{"line":154,"column":null}},"63":{"start":{"line":155,"column":6},"end":{"line":155,"column":null}},"64":{"start":{"line":157,"column":4},"end":{"line":157,"column":null}},"65":{"start":{"line":158,"column":17},"end":{"line":158,"column":null}},"66":{"start":{"line":159,"column":26},"end":{"line":159,"column":null}},"67":{"start":{"line":160,"column":4},"end":{"line":162,"column":null}},"68":{"start":{"line":161,"column":6},"end":{"line":161,"column":null}},"69":{"start":{"line":166,"column":21},"end":{"line":166,"column":null}},"70":{"start":{"line":167,"column":4},"end":{"line":172,"column":null}},"71":{"start":{"line":168,"column":6},"end":{"line":168,"column":null}},"72":{"start":{"line":169,"column":6},"end":{"line":169,"column":null}},"73":{"start":{"line":170,"column":6},"end":{"line":170,"column":null}},"74":{"start":{"line":171,"column":6},"end":{"line":171,"column":null}},"75":{"start":{"line":174,"column":22},"end":{"line":174,"column":null}},"76":{"start":{"line":175,"column":15},"end":{"line":175,"column":null}},"77":{"start":{"line":177,"column":4},"end":{"line":181,"column":null}},"78":{"start":{"line":178,"column":6},"end":{"line":178,"column":null}},"79":{"start":{"line":180,"column":6},"end":{"line":180,"column":null}},"80":{"start":{"line":183,"column":4},"end":{"line":183,"column":null}},"81":{"start":{"line":183,"column":15},"end":{"line":183,"column":null}},"82":{"start":{"line":184,"column":4},"end":{"line":184,"column":null}},"83":{"start":{"line":185,"column":4},"end":{"line":185,"column":null}},"84":{"start":{"line":186,"column":4},"end":{"line":186,"column":null}},"85":{"start":{"line":190,"column":19},"end":{"line":190,"column":null}},"86":{"start":{"line":191,"column":35},"end":{"line":191,"column":null}},"87":{"start":{"line":192,"column":4},"end":{"line":194,"column":null}},"88":{"start":{"line":193,"column":6},"end":{"line":193,"column":null}},"89":{"start":{"line":195,"column":4},"end":{"line":195,"column":null}},"90":{"start":{"line":199,"column":4},"end":{"line":199,"column":null}},"91":{"start":{"line":199,"column":25},"end":{"line":199,"column":null}},"92":{"start":{"line":200,"column":4},"end":{"line":200,"column":null}},"93":{"start":{"line":201,"column":4},"end":{"line":205,"column":null}},"94":{"start":{"line":202,"column":6},"end":{"line":202,"column":null}},"95":{"start":{"line":204,"column":6},"end":{"line":204,"column":null}},"96":{"start":{"line":209,"column":4},"end":{"line":225,"column":null}},"97":{"start":{"line":210,"column":18},"end":{"line":210,"column":null}},"98":{"start":{"line":211,"column":6},"end":{"line":211,"column":null}},"99":{"start":{"line":212,"column":6},"end":{"line":212,"column":null}},"100":{"start":{"line":213,"column":6},"end":{"line":213,"column":null}},"101":{"start":{"line":214,"column":6},"end":{"line":214,"column":null}},"102":{"start":{"line":215,"column":6},"end":{"line":215,"column":null}},"103":{"start":{"line":216,"column":6},"end":{"line":216,"column":null}},"104":{"start":{"line":217,"column":6},"end":{"line":217,"column":null}},"105":{"start":{"line":219,"column":6},"end":{"line":219,"column":null}},"106":{"start":{"line":220,"column":6},"end":{"line":220,"column":null}},"107":{"start":{"line":221,"column":6},"end":{"line":221,"column":null}},"108":{"start":{"line":222,"column":6},"end":{"line":222,"column":null}},"109":{"start":{"line":223,"column":6},"end":{"line":223,"column":null}},"110":{"start":{"line":224,"column":6},"end":{"line":224,"column":null}},"111":{"start":{"line":228,"column":37},"end":{"line":228,"column":57}}},"fnMap":{"0":{"name":"(anonymous_0)","decl":{"start":{"line":29,"column":2},"end":{"line":29,"column":36}},"loc":{"start":{"line":29,"column":36},"end":{"line":32,"column":null}},"line":29},"1":{"name":"(anonymous_1)","decl":{"start":{"line":31,"column":15},"end":{"line":31,"column":24}},"loc":{"start":{"line":31,"column":36},"end":{"line":31,"column":75}},"line":31},"2":{"name":"(anonymous_2)","decl":{"start":{"line":34,"column":2},"end":{"line":34,"column":10}},"loc":{"start":{"line":34,"column":53},"end":{"line":37,"column":null}},"line":34},"3":{"name":"(anonymous_3)","decl":{"start":{"line":39,"column":17},"end":{"line":39,"column":41}},"loc":{"start":{"line":39,"column":41},"end":{"line":57,"column":null}},"line":39},"4":{"name":"(anonymous_4)","decl":{"start":{"line":43,"column":22},"end":{"line":43,"column":34}},"loc":{"start":{"line":43,"column":43},"end":{"line":43,"column":72}},"line":43},"5":{"name":"(anonymous_5)","decl":{"start":{"line":45,"column":42},"end":{"line":45,"column":66}},"loc":{"start":{"line":45,"column":66},"end":{"line":45,"column":85}},"line":45},"6":{"name":"(anonymous_6)","decl":{"start":{"line":50,"column":6},"end":{"line":50,"column":22}},"loc":{"start":{"line":50,"column":22},"end":{"line":50,"column":null}},"line":50},"7":{"name":"(anonymous_7)","decl":{"start":{"line":55,"column":6},"end":{"line":55,"column":23}},"loc":{"start":{"line":55,"column":40},"end":{"line":55,"column":null}},"line":55},"8":{"name":"(anonymous_8)","decl":{"start":{"line":59,"column":2},"end":{"line":59,"column":11}},"loc":{"start":{"line":59,"column":28},"end":{"line":59,"column":null}},"line":59},"9":{"name":"(anonymous_9)","decl":{"start":{"line":63,"column":17},"end":{"line":63,"column":56}},"loc":{"start":{"line":63,"column":56},"end":{"line":85,"column":null}},"line":63},"10":{"name":"(anonymous_10)","decl":{"start":{"line":87,"column":17},"end":{"line":87,"column":26}},"loc":{"start":{"line":87,"column":56},"end":{"line":89,"column":null}},"line":87},"11":{"name":"(anonymous_11)","decl":{"start":{"line":91,"column":2},"end":{"line":91,"column":10}},"loc":{"start":{"line":91,"column":40},"end":{"line":97,"column":null}},"line":91},"12":{"name":"(anonymous_12)","decl":{"start":{"line":99,"column":8},"end":{"line":99,"column":40}},"loc":{"start":{"line":99,"column":40},"end":{"line":102,"column":null}},"line":99},"13":{"name":"(anonymous_13)","decl":{"start":{"line":104,"column":2},"end":{"line":104,"column":10}},"loc":{"start":{"line":104,"column":32},"end":{"line":132,"column":null}},"line":104},"14":{"name":"(anonymous_14)","decl":{"start":{"line":134,"column":8},"end":{"line":134,"column":40}},"loc":{"start":{"line":134,"column":40},"end":{"line":147,"column":null}},"line":134},"15":{"name":"(anonymous_15)","decl":{"start":{"line":151,"column":8},"end":{"line":151,"column":24}},"loc":{"start":{"line":151,"column":152},"end":{"line":163,"column":null}},"line":151},"16":{"name":"(anonymous_16)","decl":{"start":{"line":165,"column":8},"end":{"line":165,"column":38}},"loc":{"start":{"line":165,"column":38},"end":{"line":187,"column":null}},"line":165},"17":{"name":"(anonymous_17)","decl":{"start":{"line":189,"column":2},"end":{"line":189,"column":10}},"loc":{"start":{"line":189,"column":80},"end":{"line":196,"column":null}},"line":189},"18":{"name":"(anonymous_18)","decl":{"start":{"line":198,"column":8},"end":{"line":198,"column":39}},"loc":{"start":{"line":198,"column":39},"end":{"line":206,"column":null}},"line":198},"19":{"name":"(anonymous_19)","decl":{"start":{"line":208,"column":16},"end":{"line":208,"column":50}},"loc":{"start":{"line":208,"column":50},"end":{"line":226,"column":null}},"line":208},"20":{"name":"(anonymous_20)","decl":{"start":{"line":228,"column":2},"end":{"line":228,"column":35}},"loc":{"start":{"line":228,"column":35},"end":{"line":228,"column":null}},"line":228}},"branchMap":{"0":{"loc":{"start":{"line":30,"column":4},"end":{"line":30,"column":null}},"type":"if","locations":[{"start":{"line":30,"column":4},"end":{"line":30,"column":null}},{"start":{},"end":{}}],"line":30},"1":{"loc":{"start":{"line":65,"column":4},"end":{"line":65,"column":null}},"type":"if","locations":[{"start":{"line":65,"column":4},"end":{"line":65,"column":null}},{"start":{},"end":{}}],"line":65},"2":{"loc":{"start":{"line":67,"column":26},"end":{"line":69,"column":null}},"type":"binary-expr","locations":[{"start":{"line":67,"column":26},"end":{"line":67,"column":null}},{"start":{"line":68,"column":9},"end":{"line":68,"column":null}},{"start":{"line":69,"column":10},"end":{"line":69,"column":33}},{"start":{"line":69,"column":33},"end":{"line":69,"column":56}},{"start":{"line":69,"column":56},"end":{"line":69,"column":null}}],"line":67},"3":{"loc":{"start":{"line":71,"column":4},"end":{"line":78,"column":null}},"type":"if","locations":[{"start":{"line":71,"column":4},"end":{"line":78,"column":null}},{"start":{},"end":{}}],"line":71},"4":{"loc":{"start":{"line":74,"column":45},"end":{"line":74,"column":66}},"type":"binary-expr","locations":[{"start":{"line":74,"column":45},"end":{"line":74,"column":62}},{"start":{"line":74,"column":62},"end":{"line":74,"column":66}}],"line":74},"5":{"loc":{"start":{"line":75,"column":18},"end":{"line":75,"column":null}},"type":"binary-expr","locations":[{"start":{"line":75,"column":18},"end":{"line":75,"column":35}},{"start":{"line":75,"column":35},"end":{"line":75,"column":null}}],"line":75},"6":{"loc":{"start":{"line":76,"column":25},"end":{"line":76,"column":null}},"type":"binary-expr","locations":[{"start":{"line":76,"column":25},"end":{"line":76,"column":49}},{"start":{"line":76,"column":49},"end":{"line":76,"column":null}}],"line":76},"7":{"loc":{"start":{"line":105,"column":24},"end":{"line":105,"column":null}},"type":"binary-expr","locations":[{"start":{"line":105,"column":24},"end":{"line":105,"column":60}},{"start":{"line":105,"column":60},"end":{"line":105,"column":null}}],"line":105},"8":{"loc":{"start":{"line":106,"column":26},"end":{"line":106,"column":null}},"type":"binary-expr","locations":[{"start":{"line":106,"column":26},"end":{"line":106,"column":64}},{"start":{"line":106,"column":64},"end":{"line":106,"column":null}}],"line":106},"9":{"loc":{"start":{"line":111,"column":6},"end":{"line":114,"column":null}},"type":"if","locations":[{"start":{"line":111,"column":6},"end":{"line":114,"column":null}},{"start":{},"end":{}}],"line":111},"10":{"loc":{"start":{"line":111,"column":10},"end":{"line":111,"column":75}},"type":"binary-expr","locations":[{"start":{"line":111,"column":10},"end":{"line":111,"column":44}},{"start":{"line":111,"column":44},"end":{"line":111,"column":75}}],"line":111},"11":{"loc":{"start":{"line":117,"column":6},"end":{"line":130,"column":null}},"type":"if","locations":[{"start":{"line":117,"column":6},"end":{"line":130,"column":null}},{"start":{},"end":{}}],"line":117},"12":{"loc":{"start":{"line":125,"column":23},"end":{"line":125,"column":null}},"type":"binary-expr","locations":[{"start":{"line":125,"column":23},"end":{"line":125,"column":65}},{"start":{"line":125,"column":65},"end":{"line":125,"column":null}}],"line":125},"13":{"loc":{"start":{"line":140,"column":4},"end":{"line":140,"column":null}},"type":"if","locations":[{"start":{"line":140,"column":4},"end":{"line":140,"column":null}},{"start":{},"end":{}}],"line":140},"14":{"loc":{"start":{"line":142,"column":47},"end":{"line":142,"column":74}},"type":"binary-expr","locations":[{"start":{"line":142,"column":47},"end":{"line":142,"column":70}},{"start":{"line":142,"column":70},"end":{"line":142,"column":74}}],"line":142},"15":{"loc":{"start":{"line":143,"column":21},"end":{"line":143,"column":49}},"type":"binary-expr","locations":[{"start":{"line":143,"column":21},"end":{"line":143,"column":44}},{"start":{"line":143,"column":44},"end":{"line":143,"column":49}}],"line":143},"16":{"loc":{"start":{"line":146,"column":27},"end":{"line":146,"column":null}},"type":"binary-expr","locations":[{"start":{"line":146,"column":27},"end":{"line":146,"column":57}},{"start":{"line":146,"column":57},"end":{"line":146,"column":null}}],"line":146},"17":{"loc":{"start":{"line":153,"column":4},"end":{"line":156,"column":null}},"type":"if","locations":[{"start":{"line":153,"column":4},"end":{"line":156,"column":null}},{"start":{},"end":{}}],"line":153},"18":{"loc":{"start":{"line":153,"column":8},"end":{"line":153,"column":51}},"type":"binary-expr","locations":[{"start":{"line":153,"column":8},"end":{"line":153,"column":21}},{"start":{"line":153,"column":21},"end":{"line":153,"column":51}}],"line":153},"19":{"loc":{"start":{"line":160,"column":4},"end":{"line":162,"column":null}},"type":"if","locations":[{"start":{"line":160,"column":4},"end":{"line":162,"column":null}},{"start":{},"end":{}}],"line":160},"20":{"loc":{"start":{"line":167,"column":4},"end":{"line":172,"column":null}},"type":"if","locations":[{"start":{"line":167,"column":4},"end":{"line":172,"column":null}},{"start":{},"end":{}}],"line":167},"21":{"loc":{"start":{"line":177,"column":4},"end":{"line":181,"column":null}},"type":"if","locations":[{"start":{"line":177,"column":4},"end":{"line":181,"column":null}},{"start":{"line":179,"column":11},"end":{"line":181,"column":null}}],"line":177},"22":{"loc":{"start":{"line":180,"column":13},"end":{"line":180,"column":null}},"type":"binary-expr","locations":[{"start":{"line":180,"column":13},"end":{"line":180,"column":54}},{"start":{"line":180,"column":54},"end":{"line":180,"column":null}}],"line":180},"23":{"loc":{"start":{"line":183,"column":4},"end":{"line":183,"column":null}},"type":"if","locations":[{"start":{"line":183,"column":4},"end":{"line":183,"column":null}},{"start":{},"end":{}}],"line":183},"24":{"loc":{"start":{"line":195,"column":11},"end":{"line":195,"column":null}},"type":"binary-expr","locations":[{"start":{"line":195,"column":11},"end":{"line":195,"column":20}},{"start":{"line":195,"column":20},"end":{"line":195,"column":null}}],"line":195},"25":{"loc":{"start":{"line":199,"column":4},"end":{"line":199,"column":null}},"type":"if","locations":[{"start":{"line":199,"column":4},"end":{"line":199,"column":null}},{"start":{},"end":{}}],"line":199}},"s":{"0":0,"1":0,"2":0,"3":0,"4":0,"5":0,"6":0,"7":0,"8":0,"9":0,"10":0,"11":0,"12":0,"13":0,"14":1,"15":1,"16":1,"17":0,"18":1,"19":1,"20":0,"21":1,"22":1,"23":0,"24":1,"25":0,"26":0,"27":0,"28":0,"29":0,"30":0,"31":0,"32":0,"33":0,"34":0,"35":0,"36":0,"37":0,"38":0,"39":0,"40":0,"41":0,"42":0,"43":0,"44":0,"45":0,"46":0,"47":0,"48":0,"49":0,"50":0,"51":0,"52":0,"53":0,"54":0,"55":0,"56":0,"57":0,"58":0,"59":0,"60":0,"61":0,"62":0,"63":0,"64":0,"65":0,"66":0,"67":0,"68":0,"69":2,"70":2,"71":1,"72":1,"73":1,"74":1,"75":1,"76":1,"77":1,"78":1,"79":0,"80":1,"81":0,"82":1,"83":1,"84":1,"85":5,"86":5,"87":5,"88":2,"89":5,"90":0,"91":0,"92":0,"93":0,"94":0,"95":0,"96":0,"97":0,"98":0,"99":0,"100":0,"101":0,"102":0,"103":0,"104":0,"105":0,"106":0,"107":0,"108":0,"109":0,"110":0,"111":0},"f":{"0":0,"1":0,"2":0,"3":1,"4":0,"5":0,"6":0,"7":0,"8":0,"9":0,"10":0,"11":0,"12":0,"13":0,"14":0,"15":0,"16":2,"17":5,"18":0,"19":0,"20":0},"b":{"0":[0,0],"1":[0,0],"2":[0,0,0,0,0],"3":[0,0],"4":[0,0],"5":[0,0],"6":[0,0],"7":[0,0],"8":[0,0],"9":[0,0],"10":[0,0],"11":[0,0],"12":[0,0],"13":[0,0],"14":[0,0],"15":[0,0],"16":[0,0],"17":[0,0],"18":[0,0],"19":[0,0],"20":[1,1],"21":[1,0],"22":[0,0],"23":[0,1],"24":[5,2],"25":[0,0]},"meta":{"lastBranch":26,"lastFunction":21,"lastStatement":112,"seen":{"s:20:32:20:Infinity":0,"s:21:32:21:Infinity":1,"s:22:45:22:Infinity":2,"s:23:35:23:Infinity":3,"s:24:66:24:Infinity":4,"s:25:25:25:Infinity":5,"s:26:48:26:Infinity":6,"f:29:2:29:36":0,"b:30:4:30:Infinity:undefined:undefined:undefined:undefined":0,"s:30:4:30:Infinity":7,"s:30:27:30:Infinity":8,"s:31:4:31:Infinity":9,"f:31:15:31:24":1,"s:31:36:31:75":10,"f:34:2:34:10":2,"s:35:4:35:Infinity":11,"s:35:53:35:Infinity":12,"s:36:4:36:Infinity":13,"f:39:17:39:41":3,"s:40:4:40:Infinity":14,"s:41:4:41:Infinity":15,"s:43:4:43:Infinity":16,"f:43:22:43:34":4,"s:43:43:43:72":17,"s:44:4:44:Infinity":18,"s:45:4:45:Infinity":19,"f:45:42:45:66":5,"s:45:66:45:85":20,"s:46:4:46:Infinity":21,"s:47:4:51:Infinity":22,"f:50:6:50:22":6,"s:50:22:50:Infinity":23,"s:52:4:56:Infinity":24,"f:55:6:55:23":7,"s:55:40:55:Infinity":25,"f:59:2:59:11":8,"s:59:30:59:57":26,"f:63:17:63:56":9,"s:64:18:64:Infinity":27,"b:65:4:65:Infinity:undefined:undefined:undefined:undefined":1,"s:65:4:65:Infinity":28,"s:65:16:65:Infinity":29,"s:67:26:69:Infinity":30,"b:67:26:67:Infinity:68:9:68:Infinity:69:10:69:33:69:33:69:56:69:56:69:Infinity":2,"b:71:4:78:Infinity:undefined:undefined:undefined:undefined":3,"s:71:4:78:Infinity":31,"s:72:19:72:Infinity":32,"s:73:6:77:Infinity":33,"b:74:45:74:62:74:62:74:66":4,"b:75:18:75:35:75:35:75:Infinity":5,"b:76:25:76:49:76:49:76:Infinity":6,"s:80:4:84:Infinity":34,"f:87:17:87:26":10,"s:88:4:88:Infinity":35,"f:91:2:91:10":11,"s:92:4:96:Infinity":36,"f:99:8:99:40":12,"s:100:4:100:Infinity":37,"s:101:4:101:Infinity":38,"f:104:2:104:10":13,"s:105:24:105:Infinity":39,"b:105:24:105:60:105:60:105:Infinity":7,"s:106:26:106:Infinity":40,"b:106:26:106:64:106:64:106:Infinity":8,"s:107:23:107:Infinity":41,"s:109:4:131:Infinity":42,"b:111:6:114:Infinity:undefined:undefined:undefined:undefined":9,"s:111:6:114:Infinity":43,"b:111:10:111:44:111:44:111:75":10,"s:112:8:112:Infinity":44,"s:113:8:113:Infinity":45,"b:117:6:130:Infinity:undefined:undefined:undefined:undefined":11,"s:117:6:130:Infinity":46,"s:118:26:118:Infinity":47,"s:119:47:128:Infinity":48,"b:125:23:125:65:125:65:125:Infinity":12,"s:129:8:129:Infinity":49,"f:134:8:134:40":14,"s:135:4:135:Infinity":50,"s:136:4:136:Infinity":51,"s:137:4:137:Infinity":52,"s:139:23:139:Infinity":53,"b:140:4:140:Infinity:undefined:undefined:undefined:undefined":13,"s:140:4:140:Infinity":54,"s:140:21:140:Infinity":55,"s:142:4:142:Infinity":56,"b:142:47:142:70:142:70:142:74":14,"s:143:4:145:Infinity":57,"b:143:21:143:44:143:44:143:49":15,"s:144:6:144:Infinity":58,"s:146:4:146:Infinity":59,"b:146:27:146:57:146:57:146:Infinity":16,"f:151:8:151:24":15,"s:152:21:152:Infinity":60,"b:153:4:156:Infinity:undefined:undefined:undefined:undefined":17,"s:153:4:156:Infinity":61,"b:153:8:153:21:153:21:153:51":18,"s:154:6:154:Infinity":62,"s:155:6:155:Infinity":63,"s:157:4:157:Infinity":64,"s:158:17:158:Infinity":65,"s:159:26:159:Infinity":66,"b:160:4:162:Infinity:undefined:undefined:undefined:undefined":19,"s:160:4:162:Infinity":67,"s:161:6:161:Infinity":68,"f:165:8:165:38":16,"s:166:21:166:Infinity":69,"b:167:4:172:Infinity:undefined:undefined:undefined:undefined":20,"s:167:4:172:Infinity":70,"s:168:6:168:Infinity":71,"s:169:6:169:Infinity":72,"s:170:6:170:Infinity":73,"s:171:6:171:Infinity":74,"s:174:22:174:Infinity":75,"s:175:15:175:Infinity":76,"b:177:4:181:Infinity:179:11:181:Infinity":21,"s:177:4:181:Infinity":77,"s:178:6:178:Infinity":78,"s:180:6:180:Infinity":79,"b:180:13:180:54:180:54:180:Infinity":22,"b:183:4:183:Infinity:undefined:undefined:undefined:undefined":23,"s:183:4:183:Infinity":80,"s:183:15:183:Infinity":81,"s:184:4:184:Infinity":82,"s:185:4:185:Infinity":83,"s:186:4:186:Infinity":84,"f:189:2:189:10":17,"s:190:19:190:Infinity":85,"s:191:35:191:Infinity":86,"s:192:4:194:Infinity":87,"s:193:6:193:Infinity":88,"s:195:4:195:Infinity":89,"b:195:11:195:20:195:20:195:Infinity":24,"f:198:8:198:39":18,"b:199:4:199:Infinity:undefined:undefined:undefined:undefined":25,"s:199:4:199:Infinity":90,"s:199:25:199:Infinity":91,"s:200:4:200:Infinity":92,"s:201:4:205:Infinity":93,"s:202:6:202:Infinity":94,"s:204:6:204:Infinity":95,"f:208:16:208:50":19,"s:209:4:225:Infinity":96,"s:210:18:210:Infinity":97,"s:211:6:211:Infinity":98,"s:212:6:212:Infinity":99,"s:213:6:213:Infinity":100,"s:214:6:214:Infinity":101,"s:215:6:215:Infinity":102,"s:216:6:216:Infinity":103,"s:217:6:217:Infinity":104,"s:219:6:219:Infinity":105,"s:220:6:220:Infinity":106,"s:221:6:221:Infinity":107,"s:222:6:222:Infinity":108,"s:223:6:223:Infinity":109,"s:224:6:224:Infinity":110,"f:228:2:228:35":20,"s:228:37:228:57":111}}}
,"/app/src/settings.ts": {"path":"/app/src/settings.ts","statementMap":{"0":{"start":{"line":1,"column":9},"end":{"line":1,"column":null}},"1":{"start":{"line":1,"column":50},"end":{"line":1,"column":null}},"2":{"start":{"line":31,"column":40},"end":{"line":31,"column":null}},"3":{"start":{"line":32,"column":41},"end":{"line":32,"column":null}},"4":{"start":{"line":33,"column":46},"end":{"line":33,"column":null}},"5":{"start":{"line":34,"column":33},"end":{"line":34,"column":null}},"6":{"start":{"line":35,"column":34},"end":{"line":35,"column":null}},"7":{"start":{"line":36,"column":31},"end":{"line":36,"column":null}},"8":{"start":{"line":37,"column":51},"end":{"line":37,"column":null}},"9":{"start":{"line":40,"column":4},"end":{"line":40,"column":null}},"10":{"start":{"line":39,"column":22},"end":{"line":39,"column":47}},"11":{"start":{"line":44,"column":28},"end":{"line":44,"column":null}},"12":{"start":{"line":45,"column":4},"end":{"line":45,"column":null}},"13":{"start":{"line":46,"column":14},"end":{"line":46,"column":null}},"14":{"start":{"line":47,"column":10},"end":{"line":47,"column":null}},"15":{"start":{"line":48,"column":28},"end":{"line":48,"column":null}},"16":{"start":{"line":49,"column":28},"end":{"line":49,"column":null}},"17":{"start":{"line":50,"column":28},"end":{"line":50,"column":null}},"18":{"start":{"line":53,"column":4},"end":{"line":53,"column":null}},"19":{"start":{"line":55,"column":4},"end":{"line":65,"column":null}},"20":{"start":{"line":58,"column":22},"end":{"line":65,"column":10}},"21":{"start":{"line":60,"column":26},"end":{"line":60,"column":null}},"22":{"start":{"line":61,"column":10},"end":{"line":64,"column":null}},"23":{"start":{"line":62,"column":12},"end":{"line":62,"column":null}},"24":{"start":{"line":63,"column":12},"end":{"line":63,"column":null}},"25":{"start":{"line":67,"column":4},"end":{"line":76,"column":null}},"26":{"start":{"line":70,"column":24},"end":{"line":76,"column":10}},"27":{"start":{"line":72,"column":28},"end":{"line":72,"column":null}},"28":{"start":{"line":73,"column":10},"end":{"line":73,"column":null}},"29":{"start":{"line":74,"column":10},"end":{"line":74,"column":null}},"30":{"start":{"line":75,"column":10},"end":{"line":75,"column":null}},"31":{"start":{"line":78,"column":4},"end":{"line":82,"column":null}},"32":{"start":{"line":81,"column":24},"end":{"line":82,"column":73}},"33":{"start":{"line":82,"column":33},"end":{"line":82,"column":52}},"34":{"start":{"line":82,"column":52},"end":{"line":82,"column":71}},"35":{"start":{"line":84,"column":4},"end":{"line":84,"column":null}},"36":{"start":{"line":87,"column":4},"end":{"line":87,"column":null}},"37":{"start":{"line":89,"column":4},"end":{"line":93,"column":null}},"38":{"start":{"line":91,"column":26},"end":{"line":93,"column":74}},"39":{"start":{"line":93,"column":33},"end":{"line":93,"column":53}},"40":{"start":{"line":93,"column":53},"end":{"line":93,"column":72}},"41":{"start":{"line":95,"column":4},"end":{"line":99,"column":null}},"42":{"start":{"line":97,"column":26},"end":{"line":99,"column":74}},"43":{"start":{"line":99,"column":33},"end":{"line":99,"column":53}},"44":{"start":{"line":99,"column":53},"end":{"line":99,"column":72}},"45":{"start":{"line":101,"column":4},"end":{"line":114,"column":null}},"46":{"start":{"line":104,"column":26},"end":{"line":114,"column":10}},"47":{"start":{"line":111,"column":10},"end":{"line":111,"column":null}},"48":{"start":{"line":112,"column":10},"end":{"line":112,"column":null}},"49":{"start":{"line":113,"column":10},"end":{"line":113,"column":null}},"50":{"start":{"line":113,"column":34},"end":{"line":113,"column":null}},"51":{"start":{"line":116,"column":4},"end":{"line":127,"column":null}},"52":{"start":{"line":120,"column":48},"end":{"line":120,"column":null}},"53":{"start":{"line":121,"column":8},"end":{"line":123,"column":null}},"54":{"start":{"line":121,"column":60},"end":{"line":121,"column":72}},"55":{"start":{"line":122,"column":10},"end":{"line":122,"column":null}},"56":{"start":{"line":124,"column":8},"end":{"line":124,"column":null}},"57":{"start":{"line":125,"column":8},"end":{"line":125,"column":null}},"58":{"start":{"line":126,"column":8},"end":{"line":126,"column":null}},"59":{"start":{"line":126,"column":34},"end":{"line":126,"column":61}},"60":{"start":{"line":126,"column":61},"end":{"line":126,"column":80}},"61":{"start":{"line":130,"column":4},"end":{"line":130,"column":null}},"62":{"start":{"line":132,"column":4},"end":{"line":144,"column":null}},"63":{"start":{"line":136,"column":8},"end":{"line":136,"column":null}},"64":{"start":{"line":137,"column":8},"end":{"line":137,"column":null}},"65":{"start":{"line":138,"column":8},"end":{"line":138,"column":null}},"66":{"start":{"line":139,"column":8},"end":{"line":139,"column":null}},"67":{"start":{"line":140,"column":8},"end":{"line":143,"column":null}},"68":{"start":{"line":141,"column":10},"end":{"line":141,"column":null}},"69":{"start":{"line":142,"column":10},"end":{"line":142,"column":null}},"70":{"start":{"line":147,"column":4},"end":{"line":147,"column":null}},"71":{"start":{"line":149,"column":4},"end":{"line":153,"column":null}},"72":{"start":{"line":152,"column":22},"end":{"line":153,"column":79}},"73":{"start":{"line":153,"column":33},"end":{"line":153,"column":58}},"74":{"start":{"line":153,"column":58},"end":{"line":153,"column":77}},"75":{"start":{"line":155,"column":4},"end":{"line":163,"column":null}},"76":{"start":{"line":158,"column":22},"end":{"line":163,"column":10}},"77":{"start":{"line":161,"column":20},"end":{"line":161,"column":null}},"78":{"start":{"line":162,"column":10},"end":{"line":162,"column":null}},"79":{"start":{"line":162,"column":36},"end":{"line":162,"column":55}},"80":{"start":{"line":162,"column":55},"end":{"line":162,"column":74}},"81":{"start":{"line":162,"column":74},"end":{"line":162,"column":117}},"82":{"start":{"line":166,"column":4},"end":{"line":166,"column":null}},"83":{"start":{"line":168,"column":4},"end":{"line":170,"column":null}},"84":{"start":{"line":169,"column":6},"end":{"line":169,"column":null}},"85":{"start":{"line":172,"column":4},"end":{"line":187,"column":null}},"86":{"start":{"line":174,"column":24},"end":{"line":187,"column":10}},"87":{"start":{"line":176,"column":47},"end":{"line":183,"column":null}},"88":{"start":{"line":184,"column":10},"end":{"line":184,"column":null}},"89":{"start":{"line":185,"column":10},"end":{"line":185,"column":null}},"90":{"start":{"line":186,"column":10},"end":{"line":186,"column":null}},"91":{"start":{"line":189,"column":4},"end":{"line":189,"column":null}},"92":{"start":{"line":191,"column":4},"end":{"line":191,"column":null}},"93":{"start":{"line":193,"column":4},"end":{"line":197,"column":null}},"94":{"start":{"line":194,"column":6},"end":{"line":194,"column":null}},"95":{"start":{"line":195,"column":11},"end":{"line":197,"column":null}},"96":{"start":{"line":196,"column":6},"end":{"line":196,"column":null}},"97":{"start":{"line":199,"column":4},"end":{"line":203,"column":null}},"98":{"start":{"line":200,"column":6},"end":{"line":202,"column":null}},"99":{"start":{"line":205,"column":4},"end":{"line":207,"column":null}},"100":{"start":{"line":206,"column":6},"end":{"line":206,"column":null}},"101":{"start":{"line":209,"column":4},"end":{"line":211,"column":null}},"102":{"start":{"line":210,"column":6},"end":{"line":210,"column":null}},"103":{"start":{"line":213,"column":4},"end":{"line":227,"column":null}},"104":{"start":{"line":215,"column":24},"end":{"line":227,"column":10}},"105":{"start":{"line":217,"column":47},"end":{"line":223,"column":null}},"106":{"start":{"line":224,"column":10},"end":{"line":224,"column":null}},"107":{"start":{"line":225,"column":10},"end":{"line":225,"column":null}},"108":{"start":{"line":226,"column":10},"end":{"line":226,"column":null}},"109":{"start":{"line":230,"column":4},"end":{"line":233,"column":null}},"110":{"start":{"line":235,"column":4},"end":{"line":239,"column":null}},"111":{"start":{"line":236,"column":6},"end":{"line":236,"column":null}},"112":{"start":{"line":237,"column":11},"end":{"line":239,"column":null}},"113":{"start":{"line":238,"column":6},"end":{"line":238,"column":null}},"114":{"start":{"line":241,"column":4},"end":{"line":243,"column":null}},"115":{"start":{"line":242,"column":6},"end":{"line":242,"column":null}},"116":{"start":{"line":246,"column":4},"end":{"line":246,"column":null}},"117":{"start":{"line":248,"column":4},"end":{"line":250,"column":null}},"118":{"start":{"line":249,"column":6},"end":{"line":249,"column":null}},"119":{"start":{"line":252,"column":4},"end":{"line":267,"column":null}},"120":{"start":{"line":254,"column":24},"end":{"line":267,"column":10}},"121":{"start":{"line":256,"column":42},"end":{"line":263,"column":null}},"122":{"start":{"line":264,"column":10},"end":{"line":264,"column":null}},"123":{"start":{"line":265,"column":10},"end":{"line":265,"column":null}},"124":{"start":{"line":266,"column":10},"end":{"line":266,"column":null}},"125":{"start":{"line":270,"column":4},"end":{"line":270,"column":null}},"126":{"start":{"line":272,"column":4},"end":{"line":274,"column":null}},"127":{"start":{"line":273,"column":6},"end":{"line":273,"column":null}},"128":{"start":{"line":276,"column":4},"end":{"line":290,"column":null}},"129":{"start":{"line":278,"column":24},"end":{"line":290,"column":10}},"130":{"start":{"line":280,"column":33},"end":{"line":286,"column":null}},"131":{"start":{"line":287,"column":10},"end":{"line":287,"column":null}},"132":{"start":{"line":288,"column":10},"end":{"line":288,"column":null}},"133":{"start":{"line":289,"column":10},"end":{"line":289,"column":null}},"134":{"start":{"line":293,"column":4},"end":{"line":293,"column":null}},"135":{"start":{"line":295,"column":4},"end":{"line":306,"column":null}},"136":{"start":{"line":298,"column":26},"end":{"line":306,"column":10}},"137":{"start":{"line":301,"column":10},"end":{"line":301,"column":null}},"138":{"start":{"line":302,"column":10},"end":{"line":302,"column":null}},"139":{"start":{"line":303,"column":10},"end":{"line":303,"column":null}},"140":{"start":{"line":304,"column":10},"end":{"line":304,"column":null}},"141":{"start":{"line":305,"column":10},"end":{"line":305,"column":null}},"142":{"start":{"line":308,"column":4},"end":{"line":322,"column":null}},"143":{"start":{"line":311,"column":24},"end":{"line":322,"column":10}},"144":{"start":{"line":313,"column":10},"end":{"line":313,"column":null}},"145":{"start":{"line":314,"column":10},"end":{"line":314,"column":null}},"146":{"start":{"line":315,"column":25},"end":{"line":315,"column":null}},"147":{"start":{"line":316,"column":10},"end":{"line":321,"column":null}},"148":{"start":{"line":317,"column":25},"end":{"line":317,"column":null}},"149":{"start":{"line":318,"column":12},"end":{"line":320,"column":null}},"150":{"start":{"line":319,"column":14},"end":{"line":319,"column":null}},"151":{"start":{"line":325,"column":4},"end":{"line":325,"column":null}},"152":{"start":{"line":327,"column":4},"end":{"line":338,"column":null}},"153":{"start":{"line":330,"column":22},"end":{"line":338,"column":10}},"154":{"start":{"line":333,"column":20},"end":{"line":333,"column":null}},"155":{"start":{"line":334,"column":10},"end":{"line":337,"column":null}},"156":{"start":{"line":335,"column":12},"end":{"line":335,"column":null}},"157":{"start":{"line":336,"column":12},"end":{"line":336,"column":null}},"158":{"start":{"line":340,"column":4},"end":{"line":351,"column":null}},"159":{"start":{"line":343,"column":22},"end":{"line":351,"column":10}},"160":{"start":{"line":346,"column":20},"end":{"line":346,"column":null}},"161":{"start":{"line":347,"column":10},"end":{"line":350,"column":null}},"162":{"start":{"line":348,"column":12},"end":{"line":348,"column":null}},"163":{"start":{"line":349,"column":12},"end":{"line":349,"column":null}},"164":{"start":{"line":355,"column":10},"end":{"line":355,"column":null}},"165":{"start":{"line":356,"column":18},"end":{"line":356,"column":null}},"166":{"start":{"line":357,"column":4},"end":{"line":357,"column":null}},"167":{"start":{"line":359,"column":4},"end":{"line":372,"column":null}},"168":{"start":{"line":361,"column":26},"end":{"line":372,"column":73}},"169":{"start":{"line":372,"column":33},"end":{"line":372,"column":52}},"170":{"start":{"line":372,"column":52},"end":{"line":372,"column":71}},"171":{"start":{"line":374,"column":4},"end":{"line":377,"column":null}},"172":{"start":{"line":376,"column":22},"end":{"line":377,"column":71}},"173":{"start":{"line":377,"column":33},"end":{"line":377,"column":50}},"174":{"start":{"line":377,"column":50},"end":{"line":377,"column":69}},"175":{"start":{"line":379,"column":4},"end":{"line":383,"column":null}},"176":{"start":{"line":382,"column":22},"end":{"line":383,"column":81}},"177":{"start":{"line":383,"column":33},"end":{"line":383,"column":60}},"178":{"start":{"line":383,"column":60},"end":{"line":383,"column":79}},"179":{"start":{"line":385,"column":19},"end":{"line":385,"column":null}},"180":{"start":{"line":386,"column":4},"end":{"line":390,"column":null}},"181":{"start":{"line":387,"column":6},"end":{"line":387,"column":null}},"182":{"start":{"line":387,"column":94},"end":{"line":387,"column":110}},"183":{"start":{"line":388,"column":6},"end":{"line":388,"column":null}},"184":{"start":{"line":389,"column":6},"end":{"line":389,"column":null}},"185":{"start":{"line":394,"column":10},"end":{"line":394,"column":null}},"186":{"start":{"line":395,"column":4},"end":{"line":395,"column":null}},"187":{"start":{"line":397,"column":4},"end":{"line":405,"column":null}},"188":{"start":{"line":400,"column":8},"end":{"line":400,"column":null}},"189":{"start":{"line":401,"column":8},"end":{"line":401,"column":null}},"190":{"start":{"line":402,"column":8},"end":{"line":404,"column":null}},"191":{"start":{"line":403,"column":10},"end":{"line":403,"column":null}},"192":{"start":{"line":407,"column":4},"end":{"line":411,"column":null}},"193":{"start":{"line":408,"column":6},"end":{"line":410,"column":null}},"194":{"start":{"line":415,"column":4},"end":{"line":415,"column":null}},"195":{"start":{"line":416,"column":4},"end":{"line":416,"column":null}},"196":{"start":{"line":418,"column":4},"end":{"line":426,"column":null}},"197":{"start":{"line":419,"column":6},"end":{"line":419,"column":null}},"198":{"start":{"line":421,"column":12},"end":{"line":421,"column":null}},"199":{"start":{"line":422,"column":6},"end":{"line":422,"column":null}},"200":{"start":{"line":424,"column":6},"end":{"line":424,"column":null}},"201":{"start":{"line":425,"column":6},"end":{"line":425,"column":null}},"202":{"start":{"line":430,"column":10},"end":{"line":430,"column":null}},"203":{"start":{"line":431,"column":40},"end":{"line":431,"column":null}},"204":{"start":{"line":433,"column":23},"end":{"line":433,"column":null}},"205":{"start":{"line":434,"column":4},"end":{"line":434,"column":null}},"206":{"start":{"line":436,"column":27},"end":{"line":436,"column":null}},"207":{"start":{"line":437,"column":22},"end":{"line":437,"column":null}},"208":{"start":{"line":438,"column":19},"end":{"line":438,"column":null}},"209":{"start":{"line":439,"column":4},"end":{"line":443,"column":null}},"210":{"start":{"line":445,"column":26},"end":{"line":447,"column":null}},"211":{"start":{"line":448,"column":4},"end":{"line":455,"column":null}},"212":{"start":{"line":457,"column":26},"end":{"line":457,"column":null}},"213":{"start":{"line":458,"column":23},"end":{"line":458,"column":null}},"214":{"start":{"line":458,"column":74},"end":{"line":458,"column":88}},"215":{"start":{"line":459,"column":4},"end":{"line":465,"column":null}},"216":{"start":{"line":467,"column":23},"end":{"line":467,"column":null}},"217":{"start":{"line":468,"column":4},"end":{"line":472,"column":null}},"218":{"start":{"line":474,"column":4},"end":{"line":474,"column":null}},"219":{"start":{"line":475,"column":4},"end":{"line":475,"column":null}},"220":{"start":{"line":479,"column":21},"end":{"line":479,"column":null}},"221":{"start":{"line":480,"column":27},"end":{"line":484,"column":null}},"222":{"start":{"line":485,"column":4},"end":{"line":485,"column":null}},"223":{"start":{"line":485,"column":84},"end":{"line":485,"column":null}},"224":{"start":{"line":487,"column":39},"end":{"line":491,"column":null}},"225":{"start":{"line":488,"column":46},"end":{"line":488,"column":64}},"226":{"start":{"line":489,"column":46},"end":{"line":489,"column":65}},"227":{"start":{"line":490,"column":48},"end":{"line":490,"column":72}},"228":{"start":{"line":492,"column":4},"end":{"line":492,"column":null}},"229":{"start":{"line":496,"column":10},"end":{"line":496,"column":null}},"230":{"start":{"line":497,"column":18},"end":{"line":497,"column":null}},"231":{"start":{"line":498,"column":4},"end":{"line":498,"column":null}},"232":{"start":{"line":500,"column":4},"end":{"line":503,"column":null}},"233":{"start":{"line":502,"column":29},"end":{"line":503,"column":97}},"234":{"start":{"line":503,"column":37},"end":{"line":503,"column":60}},"235":{"start":{"line":503,"column":60},"end":{"line":503,"column":79}},"236":{"start":{"line":503,"column":79},"end":{"line":503,"column":95}},"237":{"start":{"line":505,"column":4},"end":{"line":516,"column":null}},"238":{"start":{"line":508,"column":25},"end":{"line":516,"column":10}},"239":{"start":{"line":510,"column":25},"end":{"line":510,"column":null}},"240":{"start":{"line":511,"column":10},"end":{"line":514,"column":null}},"241":{"start":{"line":512,"column":12},"end":{"line":512,"column":null}},"242":{"start":{"line":513,"column":12},"end":{"line":513,"column":null}},"243":{"start":{"line":515,"column":10},"end":{"line":515,"column":null}},"244":{"start":{"line":518,"column":4},"end":{"line":521,"column":null}},"245":{"start":{"line":520,"column":25},"end":{"line":521,"column":85}},"246":{"start":{"line":521,"column":37},"end":{"line":521,"column":64}},"247":{"start":{"line":521,"column":64},"end":{"line":521,"column":83}},"248":{"start":{"line":523,"column":4},"end":{"line":526,"column":null}},"249":{"start":{"line":525,"column":25},"end":{"line":526,"column":92}},"250":{"start":{"line":526,"column":37},"end":{"line":526,"column":71}},"251":{"start":{"line":526,"column":71},"end":{"line":526,"column":90}},"252":{"start":{"line":528,"column":4},"end":{"line":535,"column":null}},"253":{"start":{"line":532,"column":8},"end":{"line":532,"column":null}},"254":{"start":{"line":533,"column":8},"end":{"line":533,"column":null}},"255":{"start":{"line":534,"column":8},"end":{"line":534,"column":null}},"256":{"start":{"line":534,"column":41},"end":{"line":534,"column":69}},"257":{"start":{"line":534,"column":69},"end":{"line":534,"column":88}},"258":{"start":{"line":537,"column":4},"end":{"line":544,"column":null}},"259":{"start":{"line":540,"column":25},"end":{"line":544,"column":10}},"260":{"start":{"line":542,"column":10},"end":{"line":542,"column":null}},"261":{"start":{"line":542,"column":58},"end":{"line":542,"column":69}},"262":{"start":{"line":543,"column":10},"end":{"line":543,"column":null}},"263":{"start":{"line":546,"column":19},"end":{"line":546,"column":null}},"264":{"start":{"line":547,"column":4},"end":{"line":552,"column":null}},"265":{"start":{"line":548,"column":6},"end":{"line":548,"column":null}},"266":{"start":{"line":548,"column":93},"end":{"line":548,"column":113}},"267":{"start":{"line":549,"column":6},"end":{"line":549,"column":null}},"268":{"start":{"line":549,"column":65},"end":{"line":549,"column":null}},"269":{"start":{"line":550,"column":6},"end":{"line":550,"column":null}},"270":{"start":{"line":551,"column":6},"end":{"line":551,"column":null}},"271":{"start":{"line":556,"column":10},"end":{"line":556,"column":null}},"272":{"start":{"line":557,"column":18},"end":{"line":557,"column":null}},"273":{"start":{"line":558,"column":4},"end":{"line":558,"column":null}},"274":{"start":{"line":560,"column":4},"end":{"line":563,"column":null}},"275":{"start":{"line":562,"column":29},"end":{"line":563,"column":81}},"276":{"start":{"line":563,"column":37},"end":{"line":563,"column":60}},"277":{"start":{"line":563,"column":60},"end":{"line":563,"column":79}},"278":{"start":{"line":565,"column":4},"end":{"line":576,"column":null}},"279":{"start":{"line":568,"column":25},"end":{"line":576,"column":10}},"280":{"start":{"line":570,"column":25},"end":{"line":570,"column":null}},"281":{"start":{"line":571,"column":10},"end":{"line":574,"column":null}},"282":{"start":{"line":572,"column":12},"end":{"line":572,"column":null}},"283":{"start":{"line":573,"column":12},"end":{"line":573,"column":null}},"284":{"start":{"line":575,"column":10},"end":{"line":575,"column":null}},"285":{"start":{"line":578,"column":4},"end":{"line":581,"column":null}},"286":{"start":{"line":580,"column":25},"end":{"line":581,"column":85}},"287":{"start":{"line":581,"column":37},"end":{"line":581,"column":64}},"288":{"start":{"line":581,"column":64},"end":{"line":581,"column":83}},"289":{"start":{"line":583,"column":4},"end":{"line":586,"column":null}},"290":{"start":{"line":585,"column":25},"end":{"line":586,"column":92}},"291":{"start":{"line":586,"column":37},"end":{"line":586,"column":71}},"292":{"start":{"line":586,"column":71},"end":{"line":586,"column":90}},"293":{"start":{"line":588,"column":4},"end":{"line":595,"column":null}},"294":{"start":{"line":592,"column":8},"end":{"line":592,"column":null}},"295":{"start":{"line":593,"column":8},"end":{"line":593,"column":null}},"296":{"start":{"line":594,"column":8},"end":{"line":594,"column":null}},"297":{"start":{"line":594,"column":41},"end":{"line":594,"column":69}},"298":{"start":{"line":594,"column":69},"end":{"line":594,"column":88}},"299":{"start":{"line":597,"column":19},"end":{"line":597,"column":null}},"300":{"start":{"line":598,"column":4},"end":{"line":605,"column":null}},"301":{"start":{"line":599,"column":6},"end":{"line":599,"column":null}},"302":{"start":{"line":599,"column":93},"end":{"line":599,"column":113}},"303":{"start":{"line":600,"column":6},"end":{"line":602,"column":null}},"304":{"start":{"line":601,"column":8},"end":{"line":601,"column":null}},"305":{"start":{"line":601,"column":55},"end":{"line":601,"column":70}},"306":{"start":{"line":603,"column":6},"end":{"line":603,"column":null}},"307":{"start":{"line":604,"column":6},"end":{"line":604,"column":null}},"308":{"start":{"line":609,"column":4},"end":{"line":619,"column":null}},"309":{"start":{"line":612,"column":29},"end":{"line":619,"column":10}},"310":{"start":{"line":614,"column":25},"end":{"line":614,"column":null}},"311":{"start":{"line":614,"column":74},"end":{"line":614,"column":94}},"312":{"start":{"line":615,"column":10},"end":{"line":615,"column":null}},"313":{"start":{"line":615,"column":23},"end":{"line":615,"column":null}},"314":{"start":{"line":616,"column":10},"end":{"line":616,"column":null}},"315":{"start":{"line":617,"column":10},"end":{"line":617,"column":null}},"316":{"start":{"line":618,"column":10},"end":{"line":618,"column":null}},"317":{"start":{"line":623,"column":10},"end":{"line":623,"column":null}},"318":{"start":{"line":624,"column":18},"end":{"line":624,"column":null}},"319":{"start":{"line":625,"column":4},"end":{"line":625,"column":null}},"320":{"start":{"line":627,"column":4},"end":{"line":630,"column":null}},"321":{"start":{"line":629,"column":29},"end":{"line":630,"column":82}},"322":{"start":{"line":630,"column":37},"end":{"line":630,"column":61}},"323":{"start":{"line":630,"column":61},"end":{"line":630,"column":80}},"324":{"start":{"line":632,"column":4},"end":{"line":636,"column":null}},"325":{"start":{"line":635,"column":25},"end":{"line":636,"column":86}},"326":{"start":{"line":636,"column":37},"end":{"line":636,"column":65}},"327":{"start":{"line":636,"column":65},"end":{"line":636,"column":84}},"328":{"start":{"line":638,"column":4},"end":{"line":642,"column":null}},"329":{"start":{"line":641,"column":25},"end":{"line":642,"column":89}},"330":{"start":{"line":642,"column":37},"end":{"line":642,"column":68}},"331":{"start":{"line":642,"column":68},"end":{"line":642,"column":87}},"332":{"start":{"line":644,"column":4},"end":{"line":655,"column":null}},"333":{"start":{"line":648,"column":8},"end":{"line":648,"column":null}},"334":{"start":{"line":649,"column":8},"end":{"line":649,"column":null}},"335":{"start":{"line":650,"column":8},"end":{"line":650,"column":null}},"336":{"start":{"line":651,"column":8},"end":{"line":654,"column":null}},"337":{"start":{"line":652,"column":10},"end":{"line":652,"column":null}},"338":{"start":{"line":652,"column":55},"end":{"line":652,"column":65}},"339":{"start":{"line":653,"column":10},"end":{"line":653,"column":null}},"340":{"start":{"line":657,"column":23},"end":{"line":657,"column":null}},"341":{"start":{"line":658,"column":4},"end":{"line":658,"column":null}},"342":{"start":{"line":660,"column":10},"end":{"line":704,"column":null}},"343":{"start":{"line":661,"column":6},"end":{"line":661,"column":null}},"344":{"start":{"line":661,"column":100},"end":{"line":661,"column":111}},"345":{"start":{"line":662,"column":22},"end":{"line":662,"column":null}},"346":{"start":{"line":663,"column":6},"end":{"line":692,"column":null}},"347":{"start":{"line":663,"column":19},"end":{"line":663,"column":22}},"348":{"start":{"line":664,"column":23},"end":{"line":664,"column":null}},"349":{"start":{"line":665,"column":20},"end":{"line":665,"column":null}},"350":{"start":{"line":666,"column":8},"end":{"line":666,"column":null}},"351":{"start":{"line":667,"column":8},"end":{"line":667,"column":null}},"352":{"start":{"line":668,"column":8},"end":{"line":668,"column":null}},"353":{"start":{"line":670,"column":26},"end":{"line":670,"column":null}},"354":{"start":{"line":671,"column":8},"end":{"line":671,"column":null}},"355":{"start":{"line":672,"column":8},"end":{"line":672,"column":null}},"356":{"start":{"line":673,"column":8},"end":{"line":676,"column":null}},"357":{"start":{"line":674,"column":10},"end":{"line":674,"column":null}},"358":{"start":{"line":675,"column":10},"end":{"line":675,"column":null}},"359":{"start":{"line":678,"column":27},"end":{"line":678,"column":null}},"360":{"start":{"line":679,"column":8},"end":{"line":679,"column":null}},"361":{"start":{"line":680,"column":8},"end":{"line":680,"column":null}},"362":{"start":{"line":681,"column":8},"end":{"line":684,"column":null}},"363":{"start":{"line":682,"column":10},"end":{"line":682,"column":null}},"364":{"start":{"line":683,"column":10},"end":{"line":683,"column":null}},"365":{"start":{"line":686,"column":26},"end":{"line":686,"column":null}},"366":{"start":{"line":687,"column":8},"end":{"line":691,"column":null}},"367":{"start":{"line":688,"column":10},"end":{"line":688,"column":null}},"368":{"start":{"line":688,"column":56},"end":{"line":688,"column":67}},"369":{"start":{"line":689,"column":10},"end":{"line":689,"column":null}},"370":{"start":{"line":690,"column":10},"end":{"line":690,"column":null}},"371":{"start":{"line":694,"column":21},"end":{"line":694,"column":null}},"372":{"start":{"line":695,"column":6},"end":{"line":703,"column":null}},"373":{"start":{"line":697,"column":26},"end":{"line":703,"column":12}},"374":{"start":{"line":699,"column":12},"end":{"line":699,"column":null}},"375":{"start":{"line":699,"column":29},"end":{"line":699,"column":null}},"376":{"start":{"line":700,"column":12},"end":{"line":700,"column":null}},"377":{"start":{"line":701,"column":12},"end":{"line":701,"column":null}},"378":{"start":{"line":702,"column":12},"end":{"line":702,"column":null}},"379":{"start":{"line":705,"column":4},"end":{"line":705,"column":null}},"380":{"start":{"line":707,"column":19},"end":{"line":707,"column":null}},"381":{"start":{"line":708,"column":4},"end":{"line":712,"column":null}},"382":{"start":{"line":709,"column":6},"end":{"line":709,"column":null}},"383":{"start":{"line":709,"column":89},"end":{"line":709,"column":110}},"384":{"start":{"line":710,"column":6},"end":{"line":710,"column":null}},"385":{"start":{"line":711,"column":6},"end":{"line":711,"column":null}},"386":{"start":{"line":716,"column":4},"end":{"line":716,"column":null}},"387":{"start":{"line":716,"column":17},"end":{"line":716,"column":null}},"388":{"start":{"line":717,"column":4},"end":{"line":720,"column":null}},"389":{"start":{"line":717,"column":81},"end":{"line":717,"column":99}},"390":{"start":{"line":718,"column":6},"end":{"line":718,"column":null}},"391":{"start":{"line":719,"column":6},"end":{"line":719,"column":null}},"392":{"start":{"line":721,"column":18},"end":{"line":721,"column":null}},"393":{"start":{"line":721,"column":67},"end":{"line":721,"column":88}},"394":{"start":{"line":722,"column":4},"end":{"line":722,"column":null}},"395":{"start":{"line":722,"column":16},"end":{"line":722,"column":null}},"396":{"start":{"line":723,"column":4},"end":{"line":723,"column":null}},"397":{"start":{"line":724,"column":4},"end":{"line":724,"column":null}},"398":{"start":{"line":724,"column":64},"end":{"line":724,"column":null}},"399":{"start":{"line":725,"column":4},"end":{"line":725,"column":null}},"400":{"start":{"line":729,"column":4},"end":{"line":729,"column":null}},"401":{"start":{"line":729,"column":17},"end":{"line":729,"column":null}},"402":{"start":{"line":730,"column":4},"end":{"line":733,"column":null}},"403":{"start":{"line":730,"column":81},"end":{"line":730,"column":99}},"404":{"start":{"line":731,"column":6},"end":{"line":731,"column":null}},"405":{"start":{"line":732,"column":6},"end":{"line":732,"column":null}},"406":{"start":{"line":734,"column":18},"end":{"line":734,"column":null}},"407":{"start":{"line":734,"column":67},"end":{"line":734,"column":88}},"408":{"start":{"line":735,"column":4},"end":{"line":735,"column":null}},"409":{"start":{"line":735,"column":16},"end":{"line":735,"column":null}},"410":{"start":{"line":736,"column":4},"end":{"line":736,"column":null}},"411":{"start":{"line":737,"column":4},"end":{"line":739,"column":null}},"412":{"start":{"line":738,"column":6},"end":{"line":738,"column":null}},"413":{"start":{"line":738,"column":50},"end":{"line":738,"column":80}},"414":{"start":{"line":740,"column":4},"end":{"line":740,"column":null}},"415":{"start":{"line":744,"column":4},"end":{"line":744,"column":null}},"416":{"start":{"line":744,"column":35},"end":{"line":744,"column":null}},"417":{"start":{"line":745,"column":4},"end":{"line":749,"column":null}},"418":{"start":{"line":746,"column":6},"end":{"line":746,"column":null}},"419":{"start":{"line":748,"column":6},"end":{"line":748,"column":null}},"420":{"start":{"line":753,"column":4},"end":{"line":753,"column":null}},"421":{"start":{"line":753,"column":35},"end":{"line":753,"column":null}},"422":{"start":{"line":754,"column":4},"end":{"line":758,"column":null}},"423":{"start":{"line":755,"column":6},"end":{"line":755,"column":null}},"424":{"start":{"line":757,"column":6},"end":{"line":757,"column":null}},"425":{"start":{"line":762,"column":4},"end":{"line":762,"column":null}},"426":{"start":{"line":762,"column":35},"end":{"line":762,"column":null}},"427":{"start":{"line":763,"column":4},"end":{"line":767,"column":null}},"428":{"start":{"line":764,"column":6},"end":{"line":764,"column":null}},"429":{"start":{"line":766,"column":6},"end":{"line":766,"column":null}},"430":{"start":{"line":771,"column":4},"end":{"line":771,"column":null}},"431":{"start":{"line":771,"column":65},"end":{"line":771,"column":null}},"432":{"start":{"line":772,"column":4},"end":{"line":772,"column":null}},"433":{"start":{"line":773,"column":4},"end":{"line":791,"column":null}},"434":{"start":{"line":774,"column":21},"end":{"line":774,"column":null}},"435":{"start":{"line":775,"column":6},"end":{"line":775,"column":null}},"436":{"start":{"line":775,"column":34},"end":{"line":775,"column":null}},"437":{"start":{"line":777,"column":23},"end":{"line":777,"column":null}},"438":{"start":{"line":779,"column":39},"end":{"line":783,"column":null}},"439":{"start":{"line":784,"column":6},"end":{"line":784,"column":null}},"440":{"start":{"line":785,"column":6},"end":{"line":785,"column":null}},"441":{"start":{"line":786,"column":6},"end":{"line":786,"column":null}},"442":{"start":{"line":787,"column":6},"end":{"line":787,"column":null}},"443":{"start":{"line":788,"column":6},"end":{"line":788,"column":null}},"444":{"start":{"line":790,"column":6},"end":{"line":790,"column":null}},"445":{"start":{"line":795,"column":44},"end":{"line":795,"column":null}},"446":{"start":{"line":796,"column":4},"end":{"line":796,"column":null}},"447":{"start":{"line":796,"column":32},"end":{"line":796,"column":null}},"448":{"start":{"line":797,"column":4},"end":{"line":801,"column":null}},"449":{"start":{"line":798,"column":6},"end":{"line":798,"column":null}},"450":{"start":{"line":799,"column":6},"end":{"line":799,"column":null}},"451":{"start":{"line":800,"column":6},"end":{"line":800,"column":null}},"452":{"start":{"line":802,"column":4},"end":{"line":804,"column":null}},"453":{"start":{"line":803,"column":6},"end":{"line":803,"column":null}},"454":{"start":{"line":805,"column":4},"end":{"line":805,"column":null}},"455":{"start":{"line":809,"column":44},"end":{"line":809,"column":null}},"456":{"start":{"line":810,"column":4},"end":{"line":810,"column":null}},"457":{"start":{"line":810,"column":32},"end":{"line":810,"column":null}},"458":{"start":{"line":811,"column":4},"end":{"line":813,"column":null}},"459":{"start":{"line":812,"column":6},"end":{"line":812,"column":null}},"460":{"start":{"line":814,"column":4},"end":{"line":814,"column":null}},"461":{"start":{"line":818,"column":19},"end":{"line":818,"column":null}},"462":{"start":{"line":819,"column":4},"end":{"line":822,"column":null}},"463":{"start":{"line":820,"column":19},"end":{"line":820,"column":null}},"464":{"start":{"line":821,"column":6},"end":{"line":821,"column":null}},"465":{"start":{"line":826,"column":4},"end":{"line":826,"column":null}},"466":{"start":{"line":830,"column":19},"end":{"line":830,"column":null}},"467":{"start":{"line":831,"column":4},"end":{"line":834,"column":null}},"468":{"start":{"line":832,"column":19},"end":{"line":832,"column":null}},"469":{"start":{"line":833,"column":6},"end":{"line":833,"column":null}},"470":{"start":{"line":838,"column":19},"end":{"line":838,"column":null}},"471":{"start":{"line":839,"column":4},"end":{"line":839,"column":null}},"472":{"start":{"line":839,"column":20},"end":{"line":839,"column":null}},"473":{"start":{"line":840,"column":4},"end":{"line":840,"column":null}},"474":{"start":{"line":844,"column":10},"end":{"line":844,"column":null}},"475":{"start":{"line":845,"column":4},"end":{"line":845,"column":null}},"476":{"start":{"line":845,"column":15},"end":{"line":845,"column":null}},"477":{"start":{"line":846,"column":4},"end":{"line":849,"column":null}},"478":{"start":{"line":847,"column":6},"end":{"line":847,"column":null}},"479":{"start":{"line":847,"column":28},"end":{"line":847,"column":null}},"480":{"start":{"line":848,"column":6},"end":{"line":848,"column":null}},"481":{"start":{"line":851,"column":28},"end":{"line":851,"column":null}},"482":{"start":{"line":852,"column":10},"end":{"line":854,"column":null}},"483":{"start":{"line":854,"column":21},"end":{"line":854,"column":81}},"484":{"start":{"line":854,"column":52},"end":{"line":854,"column":80}},"485":{"start":{"line":856,"column":4},"end":{"line":856,"column":null}},"486":{"start":{"line":856,"column":16},"end":{"line":856,"column":null}},"487":{"start":{"line":857,"column":4},"end":{"line":857,"column":null}}},"fnMap":{"0":{"name":"(anonymous_0)","decl":{"start":{"line":39,"column":2},"end":{"line":39,"column":14}},"loc":{"start":{"line":39,"column":47},"end":{"line":41,"column":null}},"line":39},"1":{"name":"(anonymous_1)","decl":{"start":{"line":43,"column":2},"end":{"line":43,"column":18}},"loc":{"start":{"line":43,"column":18},"end":{"line":352,"column":null}},"line":43},"2":{"name":"(anonymous_2)","decl":{"start":{"line":58,"column":7},"end":{"line":58,"column":16}},"loc":{"start":{"line":58,"column":22},"end":{"line":65,"column":10}},"line":58},"3":{"name":"(anonymous_3)","decl":{"start":{"line":59,"column":18},"end":{"line":59,"column":25}},"loc":{"start":{"line":59,"column":31},"end":{"line":65,"column":9}},"line":59},"4":{"name":"(anonymous_4)","decl":{"start":{"line":70,"column":7},"end":{"line":70,"column":18}},"loc":{"start":{"line":70,"column":24},"end":{"line":76,"column":10}},"line":70},"5":{"name":"(anonymous_5)","decl":{"start":{"line":71,"column":17},"end":{"line":71,"column":29}},"loc":{"start":{"line":71,"column":29},"end":{"line":76,"column":9}},"line":71},"6":{"name":"(anonymous_6)","decl":{"start":{"line":81,"column":7},"end":{"line":81,"column":18}},"loc":{"start":{"line":81,"column":24},"end":{"line":82,"column":73}},"line":81},"7":{"name":"(anonymous_7)","decl":{"start":{"line":82,"column":18},"end":{"line":82,"column":25}},"loc":{"start":{"line":82,"column":31},"end":{"line":82,"column":72}},"line":82},"8":{"name":"(anonymous_8)","decl":{"start":{"line":91,"column":7},"end":{"line":91,"column":20}},"loc":{"start":{"line":91,"column":26},"end":{"line":93,"column":74}},"line":91},"9":{"name":"(anonymous_9)","decl":{"start":{"line":93,"column":18},"end":{"line":93,"column":25}},"loc":{"start":{"line":93,"column":31},"end":{"line":93,"column":73}},"line":93},"10":{"name":"(anonymous_10)","decl":{"start":{"line":97,"column":7},"end":{"line":97,"column":20}},"loc":{"start":{"line":97,"column":26},"end":{"line":99,"column":74}},"line":97},"11":{"name":"(anonymous_11)","decl":{"start":{"line":99,"column":18},"end":{"line":99,"column":25}},"loc":{"start":{"line":99,"column":31},"end":{"line":99,"column":73}},"line":99},"12":{"name":"(anonymous_12)","decl":{"start":{"line":104,"column":7},"end":{"line":104,"column":20}},"loc":{"start":{"line":104,"column":26},"end":{"line":114,"column":10}},"line":104},"13":{"name":"(anonymous_13)","decl":{"start":{"line":110,"column":18},"end":{"line":110,"column":25}},"loc":{"start":{"line":110,"column":31},"end":{"line":114,"column":9}},"line":110},"14":{"name":"(anonymous_14)","decl":{"start":{"line":119,"column":7},"end":{"line":119,"column":20}},"loc":{"start":{"line":119,"column":26},"end":{"line":127,"column":7}},"line":119},"15":{"name":"(anonymous_15)","decl":{"start":{"line":121,"column":43},"end":{"line":121,"column":51}},"loc":{"start":{"line":121,"column":60},"end":{"line":121,"column":72}},"line":121},"16":{"name":"(anonymous_16)","decl":{"start":{"line":126,"column":19},"end":{"line":126,"column":26}},"loc":{"start":{"line":126,"column":32},"end":{"line":126,"column":81}},"line":126},"17":{"name":"(anonymous_17)","decl":{"start":{"line":135,"column":7},"end":{"line":135,"column":20}},"loc":{"start":{"line":135,"column":26},"end":{"line":144,"column":7}},"line":135},"18":{"name":"(anonymous_18)","decl":{"start":{"line":140,"column":19},"end":{"line":140,"column":26}},"loc":{"start":{"line":140,"column":32},"end":{"line":143,"column":9}},"line":140},"19":{"name":"(anonymous_19)","decl":{"start":{"line":152,"column":7},"end":{"line":152,"column":16}},"loc":{"start":{"line":152,"column":22},"end":{"line":153,"column":79}},"line":152},"20":{"name":"(anonymous_20)","decl":{"start":{"line":153,"column":18},"end":{"line":153,"column":25}},"loc":{"start":{"line":153,"column":31},"end":{"line":153,"column":78}},"line":153},"21":{"name":"(anonymous_21)","decl":{"start":{"line":158,"column":7},"end":{"line":158,"column":16}},"loc":{"start":{"line":158,"column":22},"end":{"line":163,"column":10}},"line":158},"22":{"name":"(anonymous_22)","decl":{"start":{"line":160,"column":18},"end":{"line":160,"column":25}},"loc":{"start":{"line":160,"column":31},"end":{"line":163,"column":9}},"line":160},"23":{"name":"(anonymous_23)","decl":{"start":{"line":174,"column":7},"end":{"line":174,"column":18}},"loc":{"start":{"line":174,"column":24},"end":{"line":187,"column":10}},"line":174},"24":{"name":"(anonymous_24)","decl":{"start":{"line":175,"column":17},"end":{"line":175,"column":29}},"loc":{"start":{"line":175,"column":29},"end":{"line":187,"column":9}},"line":175},"25":{"name":"(anonymous_25)","decl":{"start":{"line":215,"column":7},"end":{"line":215,"column":18}},"loc":{"start":{"line":215,"column":24},"end":{"line":227,"column":10}},"line":215},"26":{"name":"(anonymous_26)","decl":{"start":{"line":216,"column":17},"end":{"line":216,"column":29}},"loc":{"start":{"line":216,"column":29},"end":{"line":227,"column":9}},"line":216},"27":{"name":"(anonymous_27)","decl":{"start":{"line":254,"column":7},"end":{"line":254,"column":18}},"loc":{"start":{"line":254,"column":24},"end":{"line":267,"column":10}},"line":254},"28":{"name":"(anonymous_28)","decl":{"start":{"line":255,"column":17},"end":{"line":255,"column":29}},"loc":{"start":{"line":255,"column":29},"end":{"line":267,"column":9}},"line":255},"29":{"name":"(anonymous_29)","decl":{"start":{"line":278,"column":7},"end":{"line":278,"column":18}},"loc":{"start":{"line":278,"column":24},"end":{"line":290,"column":10}},"line":278},"30":{"name":"(anonymous_30)","decl":{"start":{"line":279,"column":17},"end":{"line":279,"column":29}},"loc":{"start":{"line":279,"column":29},"end":{"line":290,"column":9}},"line":279},"31":{"name":"(anonymous_31)","decl":{"start":{"line":298,"column":7},"end":{"line":298,"column":20}},"loc":{"start":{"line":298,"column":26},"end":{"line":306,"column":10}},"line":298},"32":{"name":"(anonymous_32)","decl":{"start":{"line":300,"column":18},"end":{"line":300,"column":25}},"loc":{"start":{"line":300,"column":31},"end":{"line":306,"column":9}},"line":300},"33":{"name":"(anonymous_33)","decl":{"start":{"line":311,"column":7},"end":{"line":311,"column":18}},"loc":{"start":{"line":311,"column":24},"end":{"line":322,"column":10}},"line":311},"34":{"name":"(anonymous_34)","decl":{"start":{"line":312,"column":18},"end":{"line":312,"column":25}},"loc":{"start":{"line":312,"column":31},"end":{"line":322,"column":9}},"line":312},"35":{"name":"(anonymous_35)","decl":{"start":{"line":330,"column":7},"end":{"line":330,"column":16}},"loc":{"start":{"line":330,"column":22},"end":{"line":338,"column":10}},"line":330},"36":{"name":"(anonymous_36)","decl":{"start":{"line":332,"column":18},"end":{"line":332,"column":25}},"loc":{"start":{"line":332,"column":31},"end":{"line":338,"column":9}},"line":332},"37":{"name":"(anonymous_37)","decl":{"start":{"line":343,"column":7},"end":{"line":343,"column":16}},"loc":{"start":{"line":343,"column":22},"end":{"line":351,"column":10}},"line":343},"38":{"name":"(anonymous_38)","decl":{"start":{"line":345,"column":18},"end":{"line":345,"column":25}},"loc":{"start":{"line":345,"column":31},"end":{"line":351,"column":9}},"line":345},"39":{"name":"(anonymous_39)","decl":{"start":{"line":354,"column":2},"end":{"line":354,"column":10}},"loc":{"start":{"line":354,"column":75},"end":{"line":391,"column":null}},"line":354},"40":{"name":"(anonymous_40)","decl":{"start":{"line":361,"column":7},"end":{"line":361,"column":20}},"loc":{"start":{"line":361,"column":26},"end":{"line":372,"column":73}},"line":361},"41":{"name":"(anonymous_41)","decl":{"start":{"line":372,"column":18},"end":{"line":372,"column":25}},"loc":{"start":{"line":372,"column":31},"end":{"line":372,"column":72}},"line":372},"42":{"name":"(anonymous_42)","decl":{"start":{"line":376,"column":7},"end":{"line":376,"column":16}},"loc":{"start":{"line":376,"column":22},"end":{"line":377,"column":71}},"line":376},"43":{"name":"(anonymous_43)","decl":{"start":{"line":377,"column":18},"end":{"line":377,"column":25}},"loc":{"start":{"line":377,"column":31},"end":{"line":377,"column":70}},"line":377},"44":{"name":"(anonymous_44)","decl":{"start":{"line":382,"column":7},"end":{"line":382,"column":16}},"loc":{"start":{"line":382,"column":22},"end":{"line":383,"column":81}},"line":382},"45":{"name":"(anonymous_45)","decl":{"start":{"line":383,"column":18},"end":{"line":383,"column":25}},"loc":{"start":{"line":383,"column":31},"end":{"line":383,"column":80}},"line":383},"46":{"name":"(anonymous_46)","decl":{"start":{"line":386,"column":21},"end":{"line":386,"column":33}},"loc":{"start":{"line":386,"column":33},"end":{"line":390,"column":null}},"line":386},"47":{"name":"(anonymous_47)","decl":{"start":{"line":387,"column":70},"end":{"line":387,"column":78}},"loc":{"start":{"line":387,"column":94},"end":{"line":387,"column":110}},"line":387},"48":{"name":"(anonymous_48)","decl":{"start":{"line":393,"column":2},"end":{"line":393,"column":10}},"loc":{"start":{"line":393,"column":62},"end":{"line":412,"column":null}},"line":393},"49":{"name":"(anonymous_49)","decl":{"start":{"line":399,"column":7},"end":{"line":399,"column":18}},"loc":{"start":{"line":399,"column":29},"end":{"line":405,"column":7}},"line":399},"50":{"name":"(anonymous_50)","decl":{"start":{"line":402,"column":23},"end":{"line":402,"column":35}},"loc":{"start":{"line":402,"column":35},"end":{"line":404,"column":9}},"line":402},"51":{"name":"(anonymous_51)","decl":{"start":{"line":414,"column":16},"end":{"line":414,"column":48}},"loc":{"start":{"line":414,"column":48},"end":{"line":427,"column":null}},"line":414},"52":{"name":"(anonymous_52)","decl":{"start":{"line":429,"column":16},"end":{"line":429,"column":66}},"loc":{"start":{"line":429,"column":66},"end":{"line":476,"column":null}},"line":429},"53":{"name":"(anonymous_53)","decl":{"start":{"line":458,"column":55},"end":{"line":458,"column":63}},"loc":{"start":{"line":458,"column":74},"end":{"line":458,"column":88}},"line":458},"54":{"name":"(anonymous_54)","decl":{"start":{"line":478,"column":16},"end":{"line":478,"column":41}},"loc":{"start":{"line":478,"column":127},"end":{"line":493,"column":null}},"line":478},"55":{"name":"(anonymous_55)","decl":{"start":{"line":488,"column":34},"end":{"line":488,"column":46}},"loc":{"start":{"line":488,"column":46},"end":{"line":488,"column":64}},"line":488},"56":{"name":"(anonymous_56)","decl":{"start":{"line":489,"column":34},"end":{"line":489,"column":46}},"loc":{"start":{"line":489,"column":46},"end":{"line":489,"column":65}},"line":489},"57":{"name":"(anonymous_57)","decl":{"start":{"line":490,"column":36},"end":{"line":490,"column":48}},"loc":{"start":{"line":490,"column":48},"end":{"line":490,"column":72}},"line":490},"58":{"name":"(anonymous_58)","decl":{"start":{"line":495,"column":2},"end":{"line":495,"column":10}},"loc":{"start":{"line":495,"column":92},"end":{"line":553,"column":null}},"line":495},"59":{"name":"(anonymous_59)","decl":{"start":{"line":502,"column":7},"end":{"line":502,"column":18}},"loc":{"start":{"line":502,"column":29},"end":{"line":503,"column":97}},"line":502},"60":{"name":"(anonymous_60)","decl":{"start":{"line":503,"column":18},"end":{"line":503,"column":25}},"loc":{"start":{"line":503,"column":35},"end":{"line":503,"column":96}},"line":503},"61":{"name":"(anonymous_61)","decl":{"start":{"line":508,"column":7},"end":{"line":508,"column":16}},"loc":{"start":{"line":508,"column":25},"end":{"line":516,"column":10}},"line":508},"62":{"name":"(anonymous_62)","decl":{"start":{"line":509,"column":18},"end":{"line":509,"column":25}},"loc":{"start":{"line":509,"column":35},"end":{"line":516,"column":9}},"line":509},"63":{"name":"(anonymous_63)","decl":{"start":{"line":520,"column":7},"end":{"line":520,"column":16}},"loc":{"start":{"line":520,"column":25},"end":{"line":521,"column":85}},"line":520},"64":{"name":"(anonymous_64)","decl":{"start":{"line":521,"column":18},"end":{"line":521,"column":25}},"loc":{"start":{"line":521,"column":35},"end":{"line":521,"column":84}},"line":521},"65":{"name":"(anonymous_65)","decl":{"start":{"line":525,"column":7},"end":{"line":525,"column":16}},"loc":{"start":{"line":525,"column":25},"end":{"line":526,"column":92}},"line":525},"66":{"name":"(anonymous_66)","decl":{"start":{"line":526,"column":18},"end":{"line":526,"column":25}},"loc":{"start":{"line":526,"column":35},"end":{"line":526,"column":91}},"line":526},"67":{"name":"(anonymous_67)","decl":{"start":{"line":531,"column":7},"end":{"line":531,"column":20}},"loc":{"start":{"line":531,"column":29},"end":{"line":535,"column":7}},"line":531},"68":{"name":"(anonymous_68)","decl":{"start":{"line":534,"column":22},"end":{"line":534,"column":29}},"loc":{"start":{"line":534,"column":39},"end":{"line":534,"column":89}},"line":534},"69":{"name":"(anonymous_69)","decl":{"start":{"line":540,"column":7},"end":{"line":540,"column":16}},"loc":{"start":{"line":540,"column":25},"end":{"line":544,"column":10}},"line":540},"70":{"name":"(anonymous_70)","decl":{"start":{"line":541,"column":18},"end":{"line":541,"column":25}},"loc":{"start":{"line":541,"column":35},"end":{"line":544,"column":9}},"line":541},"71":{"name":"(anonymous_71)","decl":{"start":{"line":542,"column":44},"end":{"line":542,"column":49}},"loc":{"start":{"line":542,"column":58},"end":{"line":542,"column":69}},"line":542},"72":{"name":"(anonymous_72)","decl":{"start":{"line":547,"column":21},"end":{"line":547,"column":33}},"loc":{"start":{"line":547,"column":33},"end":{"line":552,"column":null}},"line":547},"73":{"name":"(anonymous_73)","decl":{"start":{"line":548,"column":76},"end":{"line":548,"column":84}},"loc":{"start":{"line":548,"column":93},"end":{"line":548,"column":113}},"line":548},"74":{"name":"(anonymous_74)","decl":{"start":{"line":555,"column":2},"end":{"line":555,"column":10}},"loc":{"start":{"line":555,"column":92},"end":{"line":606,"column":null}},"line":555},"75":{"name":"(anonymous_75)","decl":{"start":{"line":562,"column":7},"end":{"line":562,"column":18}},"loc":{"start":{"line":562,"column":29},"end":{"line":563,"column":81}},"line":562},"76":{"name":"(anonymous_76)","decl":{"start":{"line":563,"column":18},"end":{"line":563,"column":25}},"loc":{"start":{"line":563,"column":35},"end":{"line":563,"column":80}},"line":563},"77":{"name":"(anonymous_77)","decl":{"start":{"line":568,"column":7},"end":{"line":568,"column":16}},"loc":{"start":{"line":568,"column":25},"end":{"line":576,"column":10}},"line":568},"78":{"name":"(anonymous_78)","decl":{"start":{"line":569,"column":18},"end":{"line":569,"column":25}},"loc":{"start":{"line":569,"column":35},"end":{"line":576,"column":9}},"line":569},"79":{"name":"(anonymous_79)","decl":{"start":{"line":580,"column":7},"end":{"line":580,"column":16}},"loc":{"start":{"line":580,"column":25},"end":{"line":581,"column":85}},"line":580},"80":{"name":"(anonymous_80)","decl":{"start":{"line":581,"column":18},"end":{"line":581,"column":25}},"loc":{"start":{"line":581,"column":35},"end":{"line":581,"column":84}},"line":581},"81":{"name":"(anonymous_81)","decl":{"start":{"line":585,"column":7},"end":{"line":585,"column":16}},"loc":{"start":{"line":585,"column":25},"end":{"line":586,"column":92}},"line":585},"82":{"name":"(anonymous_82)","decl":{"start":{"line":586,"column":18},"end":{"line":586,"column":25}},"loc":{"start":{"line":586,"column":35},"end":{"line":586,"column":91}},"line":586},"83":{"name":"(anonymous_83)","decl":{"start":{"line":591,"column":7},"end":{"line":591,"column":20}},"loc":{"start":{"line":591,"column":29},"end":{"line":595,"column":7}},"line":591},"84":{"name":"(anonymous_84)","decl":{"start":{"line":594,"column":22},"end":{"line":594,"column":29}},"loc":{"start":{"line":594,"column":39},"end":{"line":594,"column":89}},"line":594},"85":{"name":"(anonymous_85)","decl":{"start":{"line":598,"column":21},"end":{"line":598,"column":33}},"loc":{"start":{"line":598,"column":33},"end":{"line":605,"column":null}},"line":598},"86":{"name":"(anonymous_86)","decl":{"start":{"line":599,"column":76},"end":{"line":599,"column":84}},"loc":{"start":{"line":599,"column":93},"end":{"line":599,"column":113}},"line":599},"87":{"name":"(anonymous_87)","decl":{"start":{"line":601,"column":40},"end":{"line":601,"column":48}},"loc":{"start":{"line":601,"column":55},"end":{"line":601,"column":70}},"line":601},"88":{"name":"(anonymous_88)","decl":{"start":{"line":608,"column":2},"end":{"line":608,"column":10}},"loc":{"start":{"line":608,"column":83},"end":{"line":620,"column":null}},"line":608},"89":{"name":"(anonymous_89)","decl":{"start":{"line":612,"column":7},"end":{"line":612,"column":18}},"loc":{"start":{"line":612,"column":29},"end":{"line":619,"column":10}},"line":612},"90":{"name":"(anonymous_90)","decl":{"start":{"line":613,"column":18},"end":{"line":613,"column":25}},"loc":{"start":{"line":613,"column":37},"end":{"line":619,"column":9}},"line":613},"91":{"name":"(anonymous_91)","decl":{"start":{"line":614,"column":59},"end":{"line":614,"column":67}},"loc":{"start":{"line":614,"column":74},"end":{"line":614,"column":94}},"line":614},"92":{"name":"(anonymous_92)","decl":{"start":{"line":622,"column":2},"end":{"line":622,"column":10}},"loc":{"start":{"line":622,"column":85},"end":{"line":713,"column":null}},"line":622},"93":{"name":"(anonymous_93)","decl":{"start":{"line":629,"column":7},"end":{"line":629,"column":18}},"loc":{"start":{"line":629,"column":29},"end":{"line":630,"column":82}},"line":629},"94":{"name":"(anonymous_94)","decl":{"start":{"line":630,"column":18},"end":{"line":630,"column":25}},"loc":{"start":{"line":630,"column":35},"end":{"line":630,"column":81}},"line":630},"95":{"name":"(anonymous_95)","decl":{"start":{"line":635,"column":7},"end":{"line":635,"column":16}},"loc":{"start":{"line":635,"column":25},"end":{"line":636,"column":86}},"line":635},"96":{"name":"(anonymous_96)","decl":{"start":{"line":636,"column":18},"end":{"line":636,"column":25}},"loc":{"start":{"line":636,"column":35},"end":{"line":636,"column":85}},"line":636},"97":{"name":"(anonymous_97)","decl":{"start":{"line":641,"column":7},"end":{"line":641,"column":16}},"loc":{"start":{"line":641,"column":25},"end":{"line":642,"column":89}},"line":641},"98":{"name":"(anonymous_98)","decl":{"start":{"line":642,"column":18},"end":{"line":642,"column":25}},"loc":{"start":{"line":642,"column":35},"end":{"line":642,"column":88}},"line":642},"99":{"name":"(anonymous_99)","decl":{"start":{"line":647,"column":7},"end":{"line":647,"column":20}},"loc":{"start":{"line":647,"column":29},"end":{"line":655,"column":7}},"line":647},"100":{"name":"(anonymous_100)","decl":{"start":{"line":651,"column":22},"end":{"line":651,"column":29}},"loc":{"start":{"line":651,"column":39},"end":{"line":654,"column":9}},"line":651},"101":{"name":"(anonymous_101)","decl":{"start":{"line":652,"column":42},"end":{"line":652,"column":47}},"loc":{"start":{"line":652,"column":55},"end":{"line":652,"column":65}},"line":652},"102":{"name":"(anonymous_102)","decl":{"start":{"line":660,"column":10},"end":{"line":660,"column":32}},"loc":{"start":{"line":660,"column":32},"end":{"line":704,"column":null}},"line":660},"103":{"name":"(anonymous_103)","decl":{"start":{"line":661,"column":84},"end":{"line":661,"column":93}},"loc":{"start":{"line":661,"column":100},"end":{"line":661,"column":111}},"line":661},"104":{"name":"(anonymous_104)","decl":{"start":{"line":673,"column":29},"end":{"line":673,"column":41}},"loc":{"start":{"line":673,"column":41},"end":{"line":676,"column":null}},"line":673},"105":{"name":"(anonymous_105)","decl":{"start":{"line":681,"column":30},"end":{"line":681,"column":42}},"loc":{"start":{"line":681,"column":42},"end":{"line":684,"column":null}},"line":681},"106":{"name":"(anonymous_106)","decl":{"start":{"line":687,"column":28},"end":{"line":687,"column":40}},"loc":{"start":{"line":687,"column":40},"end":{"line":691,"column":null}},"line":687},"107":{"name":"(anonymous_107)","decl":{"start":{"line":688,"column":35},"end":{"line":688,"column":43}},"loc":{"start":{"line":688,"column":56},"end":{"line":688,"column":67}},"line":688},"108":{"name":"(anonymous_108)","decl":{"start":{"line":697,"column":9},"end":{"line":697,"column":20}},"loc":{"start":{"line":697,"column":26},"end":{"line":703,"column":12}},"line"
[...]
,"/app/src/view/sessionDefaults.ts": {"path":"/app/src/view/sessionDefaults.ts","statementMap":{"0":{"start":{"line":14,"column":2},"end":{"line":14,"column":null}},"1":{"start":{"line":14,"column":29},"end":{"line":14,"column":null}},"2":{"start":{"line":15,"column":2},"end":{"line":15,"column":null}},"3":{"start":{"line":15,"column":29},"end":{"line":15,"column":null}},"4":{"start":{"line":16,"column":2},"end":{"line":18,"column":null}},"5":{"start":{"line":17,"column":4},"end":{"line":17,"column":null}}},"fnMap":{"0":{"name":"applyDefaultSessionSettings","decl":{"start":{"line":9,"column":22},"end":{"line":9,"column":null}},"loc":{"start":{"line":13,"column":17},"end":{"line":19,"column":null}},"line":13}},"branchMap":{"0":{"loc":{"start":{"line":14,"column":2},"end":{"line":14,"column":null}},"type":"if","locations":[{"start":{"line":14,"column":2},"end":{"line":14,"column":null}},{"start":{},"end":{}}],"line":14},"1":{"loc":{"start":{"line":15,"column":2},"end":{"line":15,"column":null}},"type":"if","locations":[{"start":{"line":15,"column":2},"end":{"line":15,"column":null}},{"start":{},"end":{}}],"line":15},"2":{"loc":{"start":{"line":16,"column":2},"end":{"line":18,"column":null}},"type":"if","locations":[{"start":{"line":16,"column":2},"end":{"line":18,"column":null}},{"start":{},"end":{}}],"line":16},"3":{"loc":{"start":{"line":16,"column":6},"end":{"line":16,"column":70}},"type":"binary-expr","locations":[{"start":{"line":16,"column":6},"end":{"line":16,"column":32}},{"start":{"line":16,"column":32},"end":{"line":16,"column":70}}],"line":16}},"s":{"0":3,"1":2,"2":3,"3":2,"4":3,"5":2},"f":{"0":3},"b":{"0":[2,1],"1":[2,1],"2":[2,1],"3":[3,3]},"meta":{"lastBranch":4,"lastFunction":1,"lastStatement":6,"seen":{"f:9:22:9:Infinity":0,"b:14:2:14:Infinity:undefined:undefined:undefined:undefined":0,"s:14:2:14:Infinity":0,"s:14:29:14:Infinity":1,"b:15:2:15:Infinity:undefined:undefined:undefined:undefined":1,"s:15:2:15:Infinity":2,"s:15:29:15:Infinity":3,"b:16:2:18:Infinity:undefined:undefined:undefined:undefined":2,"s:16:2:18:Infinity":4,"b:16:6:16:32:16:32:16:70":3,"s:17:4:17:Infinity":5}}}
,"/app/src/view/sessionDropdown.ts": {"path":"/app/src/view/sessionDropdown.ts","statementMap":{"0":{"start":{"line":11,"column":45},"end":{"line":11,"column":null}},"1":{"start":{"line":12,"column":60},"end":{"line":12,"column":null}},"2":{"start":{"line":15,"column":10},"end":{"line":15,"column":null}},"3":{"start":{"line":16,"column":10},"end":{"line":16,"column":null}},"4":{"start":{"line":17,"column":10},"end":{"line":17,"column":null}},"5":{"start":{"line":18,"column":10},"end":{"line":18,"column":null}},"6":{"start":{"line":19,"column":10},"end":{"line":19,"column":null}},"7":{"start":{"line":23,"column":2},"end":{"line":26,"column":null}},"8":{"start":{"line":24,"column":3},"end":{"line":24,"column":null}},"9":{"start":{"line":25,"column":3},"end":{"line":25,"column":null}},"10":{"start":{"line":28,"column":15},"end":{"line":28,"column":null}},"11":{"start":{"line":29,"column":13},"end":{"line":29,"column":null}},"12":{"start":{"line":31,"column":15},"end":{"line":31,"column":null}},"13":{"start":{"line":32,"column":2},"end":{"line":32,"column":null}},"14":{"start":{"line":33,"column":2},"end":{"line":33,"column":null}},"15":{"start":{"line":34,"column":2},"end":{"line":34,"column":null}},"16":{"start":{"line":36,"column":22},"end":{"line":39,"column":null}},"17":{"start":{"line":41,"column":25},"end":{"line":41,"column":null}},"18":{"start":{"line":43,"column":8},"end":{"line":77,"column":null}},"19":{"start":{"line":44,"column":3},"end":{"line":44,"column":null}},"20":{"start":{"line":45,"column":20},"end":{"line":47,"column":null}},"21":{"start":{"line":46,"column":23},"end":{"line":46,"column":76}},"22":{"start":{"line":49,"column":3},"end":{"line":55,"column":null}},"23":{"start":{"line":50,"column":4},"end":{"line":53,"column":null}},"24":{"start":{"line":54,"column":4},"end":{"line":54,"column":null}},"25":{"start":{"line":57,"column":21},"end":{"line":57,"column":null}},"26":{"start":{"line":58,"column":3},"end":{"line":76,"column":null}},"27":{"start":{"line":59,"column":15},"end":{"line":61,"column":null}},"28":{"start":{"line":62,"column":4},"end":{"line":62,"column":null}},"29":{"start":{"line":63,"column":19},"end":{"line":63,"column":null}},"30":{"start":{"line":64,"column":4},"end":{"line":72,"column":null}},"31":{"start":{"line":65,"column":5},"end":{"line":65,"column":null}},"32":{"start":{"line":66,"column":5},"end":{"line":66,"column":null}},"33":{"start":{"line":67,"column":5},"end":{"line":67,"column":null}},"34":{"start":{"line":68,"column":5},"end":{"line":70,"column":null}},"35":{"start":{"line":69,"column":6},"end":{"line":69,"column":null}},"36":{"start":{"line":71,"column":5},"end":{"line":71,"column":null}},"37":{"start":{"line":73,"column":4},"end":{"line":75,"column":null}},"38":{"start":{"line":74,"column":5},"end":{"line":74,"column":null}},"39":{"start":{"line":79,"column":2},"end":{"line":81,"column":null}},"40":{"start":{"line":80,"column":3},"end":{"line":80,"column":null}},"41":{"start":{"line":83,"column":2},"end":{"line":83,"column":null}},"42":{"start":{"line":85,"column":2},"end":{"line":85,"column":null}},"43":{"start":{"line":86,"column":2},"end":{"line":91,"column":null}},"44":{"start":{"line":87,"column":3},"end":{"line":87,"column":null}},"45":{"start":{"line":87,"column":25},"end":{"line":87,"column":null}},"46":{"start":{"line":88,"column":18},"end":{"line":88,"column":null}},"47":{"start":{"line":89,"column":3},"end":{"line":89,"column":null}},"48":{"start":{"line":89,"column":75},"end":{"line":89,"column":null}},"49":{"start":{"line":90,"column":3},"end":{"line":90,"column":null}},"50":{"start":{"line":92,"column":2},"end":{"line":92,"column":null}},"51":{"start":{"line":96,"column":2},"end":{"line":99,"column":null}},"52":{"start":{"line":97,"column":3},"end":{"line":97,"column":null}},"53":{"start":{"line":98,"column":3},"end":{"line":98,"column":null}},"54":{"start":{"line":100,"column":2},"end":{"line":103,"column":null}},"55":{"start":{"line":101,"column":3},"end":{"line":101,"column":null}},"56":{"start":{"line":102,"column":3},"end":{"line":102,"column":null}},"57":{"start":{"line":107,"column":2},"end":{"line":107,"column":null}},"58":{"start":{"line":111,"column":2},"end":{"line":111,"column":null}}},"fnMap":{"0":{"name":"(anonymous_0)","decl":{"start":{"line":14,"column":1},"end":{"line":14,"column":null}},"loc":{"start":{"line":20,"column":3},"end":{"line":20,"column":null}},"line":20},"1":{"name":"(anonymous_1)","decl":{"start":{"line":22,"column":1},"end":{"line":22,"column":14}},"loc":{"start":{"line":22,"column":14},"end":{"line":93,"column":null}},"line":22},"2":{"name":"(anonymous_2)","decl":{"start":{"line":43,"column":8},"end":{"line":43,"column":23}},"loc":{"start":{"line":43,"column":42},"end":{"line":77,"column":null}},"line":43},"3":{"name":"(anonymous_3)","decl":{"start":{"line":46,"column":11},"end":{"line":46,"column":18}},"loc":{"start":{"line":46,"column":23},"end":{"line":46,"column":76}},"line":46},"4":{"name":"(anonymous_4)","decl":{"start":{"line":64,"column":21},"end":{"line":64,"column":28}},"loc":{"start":{"line":64,"column":46},"end":{"line":72,"column":null}},"line":64},"5":{"name":"(anonymous_5)","decl":{"start":{"line":73,"column":17},"end":{"line":73,"column":29}},"loc":{"start":{"line":73,"column":29},"end":{"line":75,"column":null}},"line":73},"6":{"name":"(anonymous_6)","decl":{"start":{"line":79,"column":31},"end":{"line":79,"column":46}},"loc":{"start":{"line":79,"column":46},"end":{"line":81,"column":3}},"line":79},"7":{"name":"(anonymous_7)","decl":{"start":{"line":86,"column":7},"end":{"line":86,"column":25}},"loc":{"start":{"line":86,"column":45},"end":{"line":91,"column":null}},"line":86},"8":{"name":"(anonymous_8)","decl":{"start":{"line":95,"column":1},"end":{"line":95,"column":15}},"loc":{"start":{"line":95,"column":15},"end":{"line":104,"column":null}},"line":95},"9":{"name":"(anonymous_9)","decl":{"start":{"line":106,"column":1},"end":{"line":106,"column":19}},"loc":{"start":{"line":106,"column":19},"end":{"line":108,"column":null}},"line":106},"10":{"name":"(anonymous_10)","decl":{"start":{"line":110,"column":1},"end":{"line":110,"column":17}},"loc":{"start":{"line":110,"column":17},"end":{"line":112,"column":null}},"line":110}},"branchMap":{"0":{"loc":{"start":{"line":23,"column":2},"end":{"line":26,"column":null}},"type":"if","locations":[{"start":{"line":23,"column":2},"end":{"line":26,"column":null}},{"start":{},"end":{}}],"line":23},"1":{"loc":{"start":{"line":45,"column":20},"end":{"line":47,"column":null}},"type":"cond-expr","locations":[{"start":{"line":46,"column":6},"end":{"line":46,"column":null}},{"start":{"line":47,"column":6},"end":{"line":47,"column":null}}],"line":45},"2":{"loc":{"start":{"line":49,"column":3},"end":{"line":55,"column":null}},"type":"if","locations":[{"start":{"line":49,"column":3},"end":{"line":55,"column":null}},{"start":{},"end":{}}],"line":49},"3":{"loc":{"start":{"line":60,"column":35},"end":{"line":60,"column":null}},"type":"cond-expr","locations":[{"start":{"line":60,"column":63},"end":{"line":60,"column":75}},{"start":{"line":60,"column":75},"end":{"line":60,"column":null}}],"line":60},"4":{"loc":{"start":{"line":62,"column":26},"end":{"line":62,"column":50}},"type":"binary-expr","locations":[{"start":{"line":62,"column":26},"end":{"line":62,"column":37}},{"start":{"line":62,"column":37},"end":{"line":62,"column":50}}],"line":62},"5":{"loc":{"start":{"line":68,"column":5},"end":{"line":70,"column":null}},"type":"if","locations":[{"start":{"line":68,"column":5},"end":{"line":70,"column":null}},{"start":{},"end":{}}],"line":68},"6":{"loc":{"start":{"line":87,"column":3},"end":{"line":87,"column":null}},"type":"if","locations":[{"start":{"line":87,"column":3},"end":{"line":87,"column":null}},{"start":{},"end":{}}],"line":87},"7":{"loc":{"start":{"line":89,"column":3},"end":{"line":89,"column":null}},"type":"if","locations":[{"start":{"line":89,"column":3},"end":{"line":89,"column":null}},{"start":{},"end":{}}],"line":89},"8":{"loc":{"start":{"line":89,"column":7},"end":{"line":89,"column":75}},"type":"binary-expr","locations":[{"start":{"line":89,"column":7},"end":{"line":89,"column":43}},{"start":{"line":89,"column":43},"end":{"line":89,"column":75}}],"line":89},"9":{"loc":{"start":{"line":96,"column":2},"end":{"line":99,"column":null}},"type":"if","locations":[{"start":{"line":96,"column":2},"end":{"line":99,"column":null}},{"start":{},"end":{}}],"line":96},"10":{"loc":{"start":{"line":100,"column":2},"end":{"line":103,"column":null}},"type":"if","locations":[{"start":{"line":100,"column":2},"end":{"line":103,"column":null}},{"start":{},"end":{}}],"line":100}},"s":{"0":2,"1":2,"2":2,"3":2,"4":2,"5":2,"6":2,"7":0,"8":0,"9":0,"10":0,"11":0,"12":0,"13":0,"14":0,"15":0,"16":0,"17":0,"18":0,"19":0,"20":0,"21":0,"22":0,"23":0,"24":0,"25":0,"26":0,"27":0,"28":0,"29":0,"30":0,"31":0,"32":0,"33":0,"34":0,"35":0,"36":0,"37":0,"38":0,"39":0,"40":0,"41":0,"42":0,"43":0,"44":0,"45":0,"46":0,"47":0,"48":0,"49":0,"50":0,"51":0,"52":0,"53":0,"54":0,"55":0,"56":0,"57":0,"58":0},"f":{"0":2,"1":0,"2":0,"3":0,"4":0,"5":0,"6":0,"7":0,"8":0,"9":0,"10":0},"b":{"0":[0,0],"1":[0,0],"2":[0,0],"3":[0,0],"4":[0,0],"5":[0,0],"6":[0,0],"7":[0,0],"8":[0,0],"9":[0,0],"10":[0,0]},"meta":{"lastBranch":11,"lastFunction":11,"lastStatement":59,"seen":{"s:11:45:11:Infinity":0,"s:12:60:12:Infinity":1,"f:14:1:14:Infinity":0,"s:15:10:15:Infinity":2,"s:16:10:16:Infinity":3,"s:17:10:17:Infinity":4,"s:18:10:18:Infinity":5,"s:19:10:19:Infinity":6,"f:22:1:22:14":1,"b:23:2:26:Infinity:undefined:undefined:undefined:undefined":0,"s:23:2:26:Infinity":7,"s:24:3:24:Infinity":8,"s:25:3:25:Infinity":9,"s:28:15:28:Infinity":10,"s:29:13:29:Infinity":11,"s:31:15:31:Infinity":12,"s:32:2:32:Infinity":13,"s:33:2:33:Infinity":14,"s:34:2:34:Infinity":15,"s:36:22:39:Infinity":16,"s:41:25:41:Infinity":17,"s:43:8:77:Infinity":18,"f:43:8:43:23":2,"s:44:3:44:Infinity":19,"s:45:20:47:Infinity":20,"b:46:6:46:Infinity:47:6:47:Infinity":1,"f:46:11:46:18":3,"s:46:23:46:76":21,"b:49:3:55:Infinity:undefined:undefined:undefined:undefined":2,"s:49:3:55:Infinity":22,"s:50:4:53:Infinity":23,"s:54:4:54:Infinity":24,"s:57:21:57:Infinity":25,"s:58:3:76:Infinity":26,"s:59:15:61:Infinity":27,"b:60:63:60:75:60:75:60:Infinity":3,"s:62:4:62:Infinity":28,"b:62:26:62:37:62:37:62:50":4,"s:63:19:63:Infinity":29,"s:64:4:72:Infinity":30,"f:64:21:64:28":4,"s:65:5:65:Infinity":31,"s:66:5:66:Infinity":32,"s:67:5:67:Infinity":33,"b:68:5:70:Infinity:undefined:undefined:undefined:undefined":5,"s:68:5:70:Infinity":34,"s:69:6:69:Infinity":35,"s:71:5:71:Infinity":36,"s:73:4:75:Infinity":37,"f:73:17:73:29":5,"s:74:5:74:Infinity":38,"s:79:2:81:Infinity":39,"f:79:31:79:46":6,"s:80:3:80:Infinity":40,"s:83:2:83:Infinity":41,"s:85:2:85:Infinity":42,"s:86:2:91:Infinity":43,"f:86:7:86:25":7,"b:87:3:87:Infinity:undefined:undefined:undefined:undefined":6,"s:87:3:87:Infinity":44,"s:87:25:87:Infinity":45,"s:88:18:88:Infinity":46,"b:89:3:89:Infinity:undefined:undefined:undefined:undefined":7,"s:89:3:89:Infinity":47,"b:89:7:89:43:89:43:89:75":8,"s:89:75:89:Infinity":48,"s:90:3:90:Infinity":49,"s:92:2:92:Infinity":50,"f:95:1:95:15":8,"b:96:2:99:Infinity:undefined:undefined:undefined:undefined":9,"s:96:2:99:Infinity":51,"s:97:3:97:Infinity":52,"s:98:3:98:Infinity":53,"b:100:2:103:Infinity:undefined:undefined:undefined:undefined":10,"s:100:2:103:Infinity":54,"s:101:3:101:Infinity":55,"s:102:3:102:Infinity":56,"f:106:1:106:19":9,"s:107:2:107:Infinity":57,"f:110:1:110:17":10,"s:111:2:111:Infinity":58}}}
,"/app/src/view/welcomeView.ts": {"path":"/app/src/view/welcomeView.ts","statementMap":{"0":{"start":{"line":4,"column":44},"end":{"line":4,"column":null}},"1":{"start":{"line":6,"column":23},"end":{"line":6,"column":null}},"2":{"start":{"line":9,"column":2},"end":{"line":9,"column":null}},"3":{"start":{"line":10,"column":2},"end":{"line":14,"column":null}},"4":{"start":{"line":11,"column":3},"end":{"line":13,"column":null}},"5":{"start":{"line":12,"column":4},"end":{"line":12,"column":null}},"6":{"start":{"line":18,"column":2},"end":{"line":18,"column":null}},"7":{"start":{"line":19,"column":2},"end":{"line":19,"column":null}},"8":{"start":{"line":20,"column":18},"end":{"line":20,"column":null}},"9":{"start":{"line":21,"column":2},"end":{"line":21,"column":null}},"10":{"start":{"line":23,"column":2},"end":{"line":23,"column":null}},"11":{"start":{"line":24,"column":2},"end":{"line":24,"column":null}},"12":{"start":{"line":26,"column":20},"end":{"line":26,"column":null}},"13":{"start":{"line":27,"column":2},"end":{"line":27,"column":null}},"14":{"start":{"line":28,"column":2},"end":{"line":28,"column":null}},"15":{"start":{"line":29,"column":2},"end":{"line":29,"column":null}},"16":{"start":{"line":30,"column":2},"end":{"line":30,"column":null}},"17":{"start":{"line":32,"column":17},"end":{"line":32,"column":null}},"18":{"start":{"line":33,"column":2},"end":{"line":33,"column":null}},"19":{"start":{"line":37,"column":2},"end":{"line":40,"column":null}},"20":{"start":{"line":38,"column":3},"end":{"line":38,"column":null}},"21":{"start":{"line":39,"column":3},"end":{"line":39,"column":null}},"22":{"start":{"line":44,"column":2},"end":{"line":44,"column":null}},"23":{"start":{"line":45,"column":2},"end":{"line":45,"column":null}},"24":{"start":{"line":45,"column":23},"end":{"line":45,"column":null}},"25":{"start":{"line":46,"column":17},"end":{"line":46,"column":null}},"26":{"start":{"line":47,"column":2},"end":{"line":47,"column":null}},"27":{"start":{"line":47,"column":15},"end":{"line":47,"column":null}},"28":{"start":{"line":48,"column":2},"end":{"line":48,"column":null}},"29":{"start":{"line":52,"column":2},"end":{"line":52,"column":null}}},"fnMap":{"0":{"name":"(anonymous_0)","decl":{"start":{"line":8,"column":1},"end":{"line":8,"column":13}},"loc":{"start":{"line":8,"column":39},"end":{"line":15,"column":null}},"line":8},"1":{"name":"(anonymous_1)","decl":{"start":{"line":10,"column":2},"end":{"line":10,"column":23}},"loc":{"start":{"line":10,"column":23},"end":{"line":14,"column":3}},"line":10},"2":{"name":"(anonymous_2)","decl":{"start":{"line":17,"column":1},"end":{"line":17,"column":6}},"loc":{"start":{"line":17,"column":34},"end":{"line":34,"column":null}},"line":17},"3":{"name":"(anonymous_3)","decl":{"start":{"line":36,"column":1},"end":{"line":36,"column":14}},"loc":{"start":{"line":36,"column":14},"end":{"line":41,"column":null}},"line":36},"4":{"name":"(anonymous_4)","decl":{"start":{"line":43,"column":1},"end":{"line":43,"column":14}},"loc":{"start":{"line":43,"column":42},"end":{"line":49,"column":null}},"line":43},"5":{"name":"(anonymous_5)","decl":{"start":{"line":51,"column":1},"end":{"line":51,"column":22}},"loc":{"start":{"line":51,"column":22},"end":{"line":53,"column":null}},"line":51}},"branchMap":{"0":{"loc":{"start":{"line":11,"column":3},"end":{"line":13,"column":null}},"type":"if","locations":[{"start":{"line":11,"column":3},"end":{"line":13,"column":null}},{"start":{},"end":{}}],"line":11},"1":{"loc":{"start":{"line":33,"column":28},"end":{"line":33,"column":91}},"type":"cond-expr","locations":[{"start":{"line":33,"column":28},"end":{"line":33,"column":66}},{"start":{"line":33,"column":54},"end":{"line":33,"column":91}}],"line":33},"2":{"loc":{"start":{"line":37,"column":2},"end":{"line":40,"column":null}},"type":"if","locations":[{"start":{"line":37,"column":2},"end":{"line":40,"column":null}},{"start":{},"end":{}}],"line":37},"3":{"loc":{"start":{"line":45,"column":2},"end":{"line":45,"column":null}},"type":"if","locations":[{"start":{"line":45,"column":2},"end":{"line":45,"column":null}},{"start":{},"end":{}}],"line":45},"4":{"loc":{"start":{"line":47,"column":2},"end":{"line":47,"column":null}},"type":"if","locations":[{"start":{"line":47,"column":2},"end":{"line":47,"column":null}},{"start":{},"end":{}}],"line":47},"5":{"loc":{"start":{"line":48,"column":23},"end":{"line":48,"column":null}},"type":"cond-expr","locations":[{"start":{"line":48,"column":23},"end":{"line":48,"column":61}},{"start":{"line":48,"column":49},"end":{"line":48,"column":null}}],"line":48}},"s":{"0":9,"1":9,"2":9,"3":9,"4":1,"5":1,"6":11,"7":11,"8":11,"9":11,"10":11,"11":11,"12":11,"13":11,"14":11,"15":11,"16":11,"17":11,"18":11,"19":14,"20":5,"21":5,"22":2,"23":2,"24":0,"25":2,"26":2,"27":0,"28":2,"29":4},"f":{"0":9,"1":1,"2":11,"3":14,"4":2,"5":4},"b":{"0":[1,0],"1":[5,6],"2":[5,9],"3":[0,2],"4":[0,2],"5":[2,0]},"meta":{"lastBranch":6,"lastFunction":6,"lastStatement":30,"seen":{"s:4:44:4:Infinity":0,"s:6:23:6:Infinity":1,"f:8:1:8:13":0,"s:9:2:9:Infinity":2,"s:10:2:14:Infinity":3,"f:10:2:10:23":1,"b:11:3:13:Infinity:undefined:undefined:undefined:undefined":0,"s:11:3:13:Infinity":4,"s:12:4:12:Infinity":5,"f:17:1:17:6":2,"s:18:2:18:Infinity":6,"s:19:2:19:Infinity":7,"s:20:18:20:Infinity":8,"s:21:2:21:Infinity":9,"s:23:2:23:Infinity":10,"s:24:2:24:Infinity":11,"s:26:20:26:Infinity":12,"s:27:2:27:Infinity":13,"s:28:2:28:Infinity":14,"s:29:2:29:Infinity":15,"s:30:2:30:Infinity":16,"s:32:17:32:Infinity":17,"s:33:2:33:Infinity":18,"b:33:28:33:66:33:54:33:91":1,"f:36:1:36:14":3,"b:37:2:40:Infinity:undefined:undefined:undefined:undefined":2,"s:37:2:40:Infinity":19,"s:38:3:38:Infinity":20,"s:39:3:39:Infinity":21,"f:43:1:43:14":4,"s:44:2:44:Infinity":22,"b:45:2:45:Infinity:undefined:undefined:undefined:undefined":3,"s:45:2:45:Infinity":23,"s:45:23:45:Infinity":24,"s:46:17:46:Infinity":25,"b:47:2:47:Infinity:undefined:undefined:undefined:undefined":4,"s:47:2:47:Infinity":26,"s:47:15:47:Infinity":27,"s:48:2:48:Infinity":28,"b:48:23:48:61:48:49:48:Infinity":5,"f:51:1:51:22":5,"s:52:2:52:Infinity":29}}}
}
